"../../../Engine/Content/EditorResources/S_Actor.ubulk" 0
"../../../Engine/Content/EditorResources/S_Actor.uasset" 1
"../../../Engine/Content/EditorResources/S_Actor.uexp" 2
"../../../Engine/Content/EditorResources/S_BoxReflectionCapture.uasset" 3
"../../../Engine/Content/EditorResources/S_BoxReflectionCapture.uexp" 4
"../../../Engine/Content/EngineResources/DefaultTexture.ubulk" 5
"../../../Engine/Content/EngineResources/DefaultTexture.uasset" 6
"../../../Engine/Content/EngineResources/DefaultTexture.uexp" 7
"../../../Engine/Content/EngineResources/DefaultTextureCube.uasset" 8
"../../../Engine/Content/EngineResources/DefaultTextureCube.uexp" 9
"../../../Engine/Content/EngineResources/DefaultVolumeTexture2D.uasset" 10
"../../../Engine/Content/EngineResources/DefaultVolumeTexture2D.uexp" 11
"../../../Engine/Content/EngineResources/DefaultVolumeTexture.uasset" 12
"../../../Engine/Content/EngineResources/DefaultVolumeTexture.uexp" 13
"../../../Engine/Content/EditorResources/S_Trigger.ubulk" 14
"../../../Engine/Content/EditorResources/S_Trigger.uasset" 15
"../../../Engine/Content/EditorResources/S_Trigger.uexp" 16
"../../../Engine/Content/EditorResources/S_TriggerBox.uasset" 17
"../../../Engine/Content/EditorResources/S_TriggerBox.uexp" 18
"../../../Engine/Content/EditorResources/S_TriggerCapsule.uasset" 19
"../../../Engine/Content/EditorResources/S_TriggerCapsule.uexp" 20
"../../../Engine/Content/EditorResources/S_TriggerSphere.uasset" 21
"../../../Engine/Content/EditorResources/S_TriggerSphere.uexp" 22
"../../../Engine/Content/EngineMeshes/Sphere.ubulk" 23
"../../../Engine/Content/EngineMeshes/Sphere.uasset" 24
"../../../Engine/Content/EngineMeshes/Sphere.uexp" 25
"../../../Engine/Content/EngineResources/GradientTexture0.uasset" 26
"../../../Engine/Content/EngineResources/GradientTexture0.uexp" 27
"../../../Engine/Content/EngineResources/Black.uasset" 28
"../../../Engine/Content/EngineResources/Black.uexp" 29
"../../../Engine/Content/VREditor/LaserPointer/VR_LaserPower_01.ubulk" 30
"../../../Engine/Content/VREditor/LaserPointer/VR_LaserPower_01.uasset" 31
"../../../Engine/Content/VREditor/LaserPointer/VR_LaserPower_01.uexp" 32
"../../../Engine/Content/VREditor/TransformGizmo/TransformGizmoMaterial.uasset" 33
"../../../Engine/Content/VREditor/TransformGizmo/TransformGizmoMaterial.uexp" 34
"../../../Engine/Content/VREditor/TransformGizmo/TranslucentTransformGizmoMaterial.uasset" 35
"../../../Engine/Content/VREditor/TransformGizmo/TranslucentTransformGizmoMaterial.uexp" 36
"../../../Engine/Content/VREditor/TransformGizmo/PlaneTranslationHandle.ubulk" 37
"../../../Engine/Content/VREditor/TransformGizmo/PlaneTranslationHandle.uasset" 38
"../../../Engine/Content/VREditor/TransformGizmo/PlaneTranslationHandle.uexp" 39
"../../../Engine/Content/VREditor/TransformGizmo/BoundingBoxCorner.ubulk" 40
"../../../Engine/Content/VREditor/TransformGizmo/BoundingBoxCorner.uasset" 41
"../../../Engine/Content/VREditor/TransformGizmo/BoundingBoxCorner.uexp" 42
"../../../Engine/Content/VREditor/TransformGizmo/BoundingBoxEdge.ubulk" 43
"../../../Engine/Content/VREditor/TransformGizmo/BoundingBoxEdge.uasset" 44
"../../../Engine/Content/VREditor/TransformGizmo/BoundingBoxEdge.uexp" 45
"../../../Engine/Content/VREditor/TransformGizmo/Main.uasset" 46
"../../../Engine/Content/VREditor/TransformGizmo/Main.uexp" 47
"../../../Engine/Content/VREditor/TransformGizmo/Xray.uasset" 48
"../../../Engine/Content/VREditor/TransformGizmo/Xray.uexp" 49
"../../../Engine/Content/VREditor/TransformGizmo/SM_Sequencer_Node.ubulk" 50
"../../../Engine/Content/VREditor/TransformGizmo/SM_Sequencer_Node.uasset" 51
"../../../Engine/Content/VREditor/TransformGizmo/SM_Sequencer_Node.uexp" 52
"../../../Engine/Content/EditorMaterials/Camera/CineMat.uasset" 53
"../../../Engine/Content/EditorMaterials/Camera/CineMat.uexp" 54
"../../../Engine/Content/EditorMaterials/Camera/MI_CineMat_Rig.uasset" 55
"../../../Engine/Content/EditorMaterials/Camera/MI_CineMat_Rig.uexp" 56
"../../../Engine/Content/EditorMeshes/Camera/SM_CraneRig_Base.ubulk" 57
"../../../Engine/Content/EditorMeshes/Camera/SM_CraneRig_Base.uasset" 58
"../../../Engine/Content/EditorMeshes/Camera/SM_CraneRig_Base.uexp" 59
"../../../Engine/Content/EditorMeshes/Camera/SM_CraneRig_Arm.ubulk" 60
"../../../Engine/Content/EditorMeshes/Camera/SM_CraneRig_Arm.uasset" 61
"../../../Engine/Content/EditorMeshes/Camera/SM_CraneRig_Arm.uexp" 62
"../../../Engine/Content/EditorMeshes/Camera/SM_CraneRig_Mount.ubulk" 63
"../../../Engine/Content/EditorMeshes/Camera/SM_CraneRig_Mount.uasset" 64
"../../../Engine/Content/EditorMeshes/Camera/SM_CraneRig_Mount.uexp" 65
"../../../Engine/Content/EditorMeshes/Camera/SM_CraneRig_Body.ubulk" 66
"../../../Engine/Content/EditorMeshes/Camera/SM_CraneRig_Body.uasset" 67
"../../../Engine/Content/EditorMeshes/Camera/SM_CraneRig_Body.uexp" 68
"../../../Engine/Content/EditorMeshes/Camera/SM_RailRig_Track.ubulk" 69
"../../../Engine/Content/EditorMeshes/Camera/SM_RailRig_Track.uasset" 70
"../../../Engine/Content/EditorMeshes/Camera/SM_RailRig_Track.uexp" 71
"../../../Engine/Content/EditorMeshes/Camera/SM_RailRig_Mount.ubulk" 72
"../../../Engine/Content/EditorMeshes/Camera/SM_RailRig_Mount.uasset" 73
"../../../Engine/Content/EditorMeshes/Camera/SM_RailRig_Mount.uexp" 74
"../../../Engine/Content/EngineMaterials/T_Default_Material_Grid_M.ubulk" 75
"../../../Engine/Content/EngineMaterials/T_Default_Material_Grid_M.uasset" 76
"../../../Engine/Content/EngineMaterials/T_Default_Material_Grid_M.uexp" 77
"../../../Engine/Content/EngineMaterials/T_Default_Material_Grid_N.ubulk" 78
"../../../Engine/Content/EngineMaterials/T_Default_Material_Grid_N.uasset" 79
"../../../Engine/Content/EngineMaterials/T_Default_Material_Grid_N.uexp" 80
"../../../Engine/Content/Functions/Engine_MaterialFunctions01/Opacity/CameraDepthFade.uasset" 81
"../../../Engine/Content/Functions/Engine_MaterialFunctions01/Opacity/CameraDepthFade.uexp" 82
"../../../Engine/Content/EngineMaterials/WorldGridMaterial.uasset" 83
"../../../Engine/Content/EngineMaterials/WorldGridMaterial.uexp" 84
"../../../Engine/Content/ArtTools/RenderToTexture/Meshes/S_1_Unit_Plane.ubulk" 85
"../../../Engine/Content/ArtTools/RenderToTexture/Meshes/S_1_Unit_Plane.uasset" 86
"../../../Engine/Content/ArtTools/RenderToTexture/Meshes/S_1_Unit_Plane.uexp" 87
"../../../Engine/Content/EditorMaterials/ParticleSystems/PSysThumbnail_NoImage.ubulk" 88
"../../../Engine/Content/EditorMaterials/ParticleSystems/PSysThumbnail_NoImage.uasset" 89
"../../../Engine/Content/EditorMaterials/ParticleSystems/PSysThumbnail_NoImage.uexp" 90
"../../../Engine/Content/EditorMaterials/ParticleSystems/PSysThumbnail_OOD.ubulk" 91
"../../../Engine/Content/EditorMaterials/ParticleSystems/PSysThumbnail_OOD.uasset" 92
"../../../Engine/Content/EditorMaterials/ParticleSystems/PSysThumbnail_OOD.uexp" 93
"../../../Engine/Content/EditorLandscapeResources/SplineEditorMeshMat.uasset" 94
"../../../Engine/Content/EditorLandscapeResources/SplineEditorMeshMat.uexp" 95
"../../../Engine/Content/EditorLandscapeResources/SplineEditorMesh.ubulk" 96
"../../../Engine/Content/EditorLandscapeResources/SplineEditorMesh.uasset" 97
"../../../Engine/Content/EditorLandscapeResources/SplineEditorMesh.uexp" 98
"../../../Engine/Content/EditorResources/S_Solver.ubulk" 99
"../../../Engine/Content/EditorResources/S_Solver.uasset" 100
"../../../Engine/Content/EditorResources/S_Solver.uexp" 101
"../../../Engine/Plugins/Media/MediaPlate/Content/SM_MediaPlateScreen.ubulk" 102
"../../../Engine/Plugins/Media/MediaPlate/Content/SM_MediaPlateScreen.uasset" 103
"../../../Engine/Plugins/Media/MediaPlate/Content/SM_MediaPlateScreen.uexp" 104
"../../../Engine/Content/EngineMaterials/Good64x64TilingNoiseHighFreq.uasset" 105
"../../../Engine/Content/EngineMaterials/Good64x64TilingNoiseHighFreq.uexp" 106
"../../../Engine/Content/EngineMaterials/DefaultBokeh.uasset" 107
"../../../Engine/Content/EngineMaterials/DefaultBokeh.uexp" 108
"../../../Engine/Content/EngineMaterials/PreintegratedSkinBRDF.uasset" 109
"../../../Engine/Content/EngineMaterials/PreintegratedSkinBRDF.uexp" 110
"../../../Engine/Content/EngineMaterials/MiniFont.uasset" 111
"../../../Engine/Content/EngineMaterials/MiniFont.uexp" 112
"../../../Engine/Content/EngineMaterials/WeightMapPlaceholderTexture.uasset" 113
"../../../Engine/Content/EngineMaterials/WeightMapPlaceholderTexture.uexp" 114
"../../../Engine/Content/EngineMaterials/DefaultWhiteGrid.ubulk" 115
"../../../Engine/Content/EngineMaterials/DefaultWhiteGrid.uasset" 116
"../../../Engine/Content/EngineMaterials/DefaultWhiteGrid.uexp" 117
"../../../Engine/Plugins/2D/Paper2D/Content/PlaceholderTextures/DummySpriteTexture.ubulk" 118
"../../../Engine/Plugins/2D/Paper2D/Content/PlaceholderTextures/DummySpriteTexture.uasset" 119
"../../../Engine/Plugins/2D/Paper2D/Content/PlaceholderTextures/DummySpriteTexture.uexp" 120
"../../../Engine/Plugins/2D/Paper2D/Content/DefaultSpriteMaterial.uasset" 121
"../../../Engine/Plugins/2D/Paper2D/Content/DefaultSpriteMaterial.uexp" 122
"../../../Engine/Plugins/2D/Paper2D/Content/OpaqueUnlitSpriteMaterial.uasset" 123
"../../../Engine/Plugins/2D/Paper2D/Content/OpaqueUnlitSpriteMaterial.uexp" 124
"../../../Engine/Plugins/2D/Paper2D/Content/MaskedUnlitSpriteMaterial.uasset" 125
"../../../Engine/Plugins/2D/Paper2D/Content/MaskedUnlitSpriteMaterial.uexp" 126
"../../../Engine/Plugins/2D/Paper2D/Content/DummySprite.uasset" 127
"../../../Engine/Plugins/2D/Paper2D/Content/DummySprite.uexp" 128
"../../../Engine/Plugins/2D/Paper2D/Content/DefaultPaperTerrainMaterial.uasset" 129
"../../../Engine/Plugins/2D/Paper2D/Content/DefaultPaperTerrainMaterial.uexp" 130
"../../../Engine/Content/Functions/Engine_MaterialFunctions02/WorldPositionOffset/CameraOffset.uasset" 131
"../../../Engine/Content/Functions/Engine_MaterialFunctions02/WorldPositionOffset/CameraOffset.uexp" 132
"../../../Engine/Plugins/Animation/ControlRig/Content/M_Manip.uasset" 133
"../../../Engine/Plugins/Animation/ControlRig/Content/M_Manip.uexp" 134
"../../../Engine/Content/BasicShapes/Plane.ubulk" 135
"../../../Engine/Content/BasicShapes/Plane.uasset" 136
"../../../Engine/Content/BasicShapes/Plane.uexp" 137
"../../../Engine/Content/EngineMaterials/DefaultMaterial.uasset" 138
"../../../Engine/Content/EngineMaterials/DefaultMaterial.uexp" 139
"../../../Engine/Content/BasicShapes/Cone.ubulk" 140
"../../../Engine/Content/BasicShapes/Cone.uasset" 141
"../../../Engine/Content/BasicShapes/Cone.uexp" 142
"../../../Engine/Content/EngineResources/WhiteSquareTexture.uasset" 143
"../../../Engine/Content/EngineResources/WhiteSquareTexture.uexp" 144
"../../../Engine/Content/EngineMaterials/Widget3DPassThrough.uasset" 145
"../../../Engine/Content/EngineMaterials/Widget3DPassThrough.uexp" 146
"../../../Engine/Content/EngineMaterials/Widget3DPassThrough_Translucent.uasset" 147
"../../../Engine/Content/EngineMaterials/Widget3DPassThrough_Translucent.uexp" 148
"../../../Engine/Content/EngineMaterials/Widget3DPassThrough_Translucent_OneSided.uasset" 149
"../../../Engine/Content/EngineMaterials/Widget3DPassThrough_Translucent_OneSided.uexp" 150
"../../../Engine/Content/EngineMaterials/Widget3DPassThrough_Opaque.uasset" 151
"../../../Engine/Content/EngineMaterials/Widget3DPassThrough_Opaque.uexp" 152
"../../../Engine/Content/EngineMaterials/Widget3DPassThrough_Opaque_OneSided.uasset" 153
"../../../Engine/Content/EngineMaterials/Widget3DPassThrough_Opaque_OneSided.uexp" 154
"../../../Engine/Content/EngineMaterials/Widget3DPassThrough_Masked_OneSided.uasset" 155
"../../../Engine/Content/EngineMaterials/Widget3DPassThrough_Masked_OneSided.uexp" 156
"../../../Engine/Content/EngineMaterials/Widget3DPassThrough_Masked.uasset" 157
"../../../Engine/Content/EngineMaterials/Widget3DPassThrough_Masked.uexp" 158
"../../../Engine/Content/EngineMaterials/STBlueNoise_vec2_128x128x64.uasset" 159
"../../../Engine/Content/EngineMaterials/STBlueNoise_vec2_128x128x64.uexp" 160
"../../../Engine/Content/EngineMaterials/STBlueNoise_scalar_128x128x64.uasset" 161
"../../../Engine/Content/EngineMaterials/STBlueNoise_scalar_128x128x64.uexp" 162
"../../../Engine/Plugins/Editor/SpeedTreeImporter/Content/SpeedTree9/game_wind_noise.ubulk" 163
"../../../Engine/Plugins/Editor/SpeedTreeImporter/Content/SpeedTree9/game_wind_noise.uasset" 164
"../../../Engine/Plugins/Editor/SpeedTreeImporter/Content/SpeedTree9/game_wind_noise.uexp" 165
"../../../Engine/Plugins/Editor/SpeedTreeImporter/Content/SpeedTree9/UnpackDirection.uasset" 166
"../../../Engine/Plugins/Editor/SpeedTreeImporter/Content/SpeedTree9/UnpackDirection.uexp" 167
"../../../Engine/Content/Functions/Engine_MaterialFunctions02/ObjectLocalBounds.uasset" 168
"../../../Engine/Content/Functions/Engine_MaterialFunctions02/ObjectLocalBounds.uexp" 169
"../../../Engine/Content/Functions/Engine_MaterialFunctions02/Utility/BreakOutFloat3Components.uasset" 170
"../../../Engine/Content/Functions/Engine_MaterialFunctions02/Utility/BreakOutFloat3Components.uexp" 171
"../../../Engine/Content/Functions/Engine_MaterialFunctions02/UVs/BoundingBoxBased_0-1_UVW.uasset" 172
"../../../Engine/Content/Functions/Engine_MaterialFunctions02/UVs/BoundingBoxBased_0-1_UVW.uexp" 173
"../../../Engine/Content/Functions/Engine_MaterialFunctions02/Utility/VectorLength.uasset" 174
"../../../Engine/Content/Functions/Engine_MaterialFunctions02/Utility/VectorLength.uexp" 175
"../../../Engine/Plugins/Editor/SpeedTreeImporter/Content/SpeedTree9/UnpackInteger3.uasset" 176
"../../../Engine/Plugins/Editor/SpeedTreeImporter/Content/SpeedTree9/UnpackInteger3.uexp" 177
"../../../Engine/Plugins/Editor/SpeedTreeImporter/Content/SpeedTree9/SpeedTreeCameraFacing.uasset" 178
"../../../Engine/Plugins/Editor/SpeedTreeImporter/Content/SpeedTree9/SpeedTreeCameraFacing.uexp" 179
"../../../Engine/Content/Functions/Engine_MaterialFunctions02/WorldPositionOffset/ObjectScale.uasset" 180
"../../../Engine/Content/Functions/Engine_MaterialFunctions02/WorldPositionOffset/ObjectScale.uexp" 181
"../../../Engine/Content/Functions/Engine_MaterialFunctions02/SafeNormalize.uasset" 182
"../../../Engine/Content/Functions/Engine_MaterialFunctions02/SafeNormalize.uexp" 183
"../../../Engine/Plugins/Editor/SpeedTreeImporter/Content/SpeedTree9/SpeedTreeWindMotion.uasset" 184
"../../../Engine/Plugins/Editor/SpeedTreeImporter/Content/SpeedTree9/SpeedTreeWindMotion.uexp" 185
"../../../Engine/Plugins/Editor/SpeedTreeImporter/Content/SpeedTree9/SpeedTreeBranchMotion.uasset" 186
"../../../Engine/Plugins/Editor/SpeedTreeImporter/Content/SpeedTree9/SpeedTreeBranchMotion.uexp" 187
"../../../Engine/Plugins/Editor/SpeedTreeImporter/Content/SpeedTree9/SpeedTreeWind.uasset" 188
"../../../Engine/Plugins/Editor/SpeedTreeImporter/Content/SpeedTree9/SpeedTreeWind.uexp" 189
"../../../Engine/Plugins/Editor/SpeedTreeImporter/Content/SpeedTree9/EmptyNormal.uasset" 190
"../../../Engine/Plugins/Editor/SpeedTreeImporter/Content/SpeedTree9/EmptyNormal.uexp" 191
"../../../Engine/Plugins/Editor/SpeedTreeImporter/Content/SpeedTree9/Empty.uasset" 192
"../../../Engine/Plugins/Editor/SpeedTreeImporter/Content/SpeedTree9/Empty.uexp" 193
"../../../Engine/Plugins/Editor/SpeedTreeImporter/Content/SpeedTree9/SpeedTreeMaster.uasset" 194
"../../../Engine/Plugins/Editor/SpeedTreeImporter/Content/SpeedTree9/SpeedTreeMaster.uexp" 195
"../../../Engine/Plugins/Editor/SpeedTreeImporter/Content/SpeedTree9/SpeedTreeBillboard.uasset" 196
"../../../Engine/Plugins/Editor/SpeedTreeImporter/Content/SpeedTree9/SpeedTreeBillboard.uexp" 197
"../../../Engine/Plugins/Editor/SpeedTreeImporter/Content/SpeedTree9/SpeedTreeBillboardMaster.uasset" 198
"../../../Engine/Plugins/Editor/SpeedTreeImporter/Content/SpeedTree9/SpeedTreeBillboardMaster.uexp" 199
"C:/Projects/TeNamNI/TheDepths_LastSong/Content/LevelPrototyping/Materials/M_Solid_matt.uasset" 200
"C:/Projects/TeNamNI/TheDepths_LastSong/Content/LevelPrototyping/Materials/M_Solid_matt.uexp" 201
"C:/Projects/TeNamNI/TheDepths_LastSong/Content/LevelPrototyping/Materials/MI_Solid_SandYellow2.uasset" 202
"C:/Projects/TeNamNI/TheDepths_LastSong/Content/LevelPrototyping/Materials/MI_Solid_SandYellow2.uexp" 203
"C:/Projects/TeNamNI/TheDepths_LastSong/Content/LevelPrototyping/Textures/T_GridChecker_A.ubulk" 204
"C:/Projects/TeNamNI/TheDepths_LastSong/Content/LevelPrototyping/Textures/T_GridChecker_A.uasset" 205
"C:/Projects/TeNamNI/TheDepths_LastSong/Content/LevelPrototyping/Textures/T_GridChecker_A.uexp" 206
"../../../Engine/Content/Functions/Engine_MaterialFunctions02/Utility/MakeFloat3.uasset" 207
"../../../Engine/Content/Functions/Engine_MaterialFunctions02/Utility/MakeFloat3.uexp" 208
"../../../Engine/Content/Functions/Engine_MaterialFunctions01/Gradient/LinearGradient.uasset" 209
"../../../Engine/Content/Functions/Engine_MaterialFunctions01/Gradient/LinearGradient.uexp" 210
"../../../Engine/Content/Functions/Engine_MaterialFunctions01/ImageAdjustment/CheapContrast.uasset" 211
"../../../Engine/Content/Functions/Engine_MaterialFunctions01/ImageAdjustment/CheapContrast.uexp" 212
"C:/Projects/TeNamNI/TheDepths_LastSong/Content/LevelPrototyping/Materials/MF_ProcGrid.uasset" 213
"C:/Projects/TeNamNI/TheDepths_LastSong/Content/LevelPrototyping/Materials/MF_ProcGrid.uexp" 214
"C:/Projects/TeNamNI/TheDepths_LastSong/Content/LevelPrototyping/Materials/M_PrototypeGrid.uasset" 215
"C:/Projects/TeNamNI/TheDepths_LastSong/Content/LevelPrototyping/Materials/M_PrototypeGrid.uexp" 216
"C:/Projects/TeNamNI/TheDepths_LastSong/Content/LevelPrototyping/Materials/MI_PrototypeGrid_Gray.uasset" 217
"C:/Projects/TeNamNI/TheDepths_LastSong/Content/LevelPrototyping/Materials/MI_PrototypeGrid_Gray.uexp" 218
"C:/Projects/TeNamNI/TheDepths_LastSong/Content/LevelPrototyping/Meshes/SM_Cube.ubulk" 219
"C:/Projects/TeNamNI/TheDepths_LastSong/Content/LevelPrototyping/Meshes/SM_Cube.uasset" 220
"C:/Projects/TeNamNI/TheDepths_LastSong/Content/LevelPrototyping/Meshes/SM_Cube.uexp" 221
"C:/Projects/TeNamNI/TheDepths_LastSong/Content/FMOD/Events/Underwater_Ambience.uasset" 222
"C:/Projects/TeNamNI/TheDepths_LastSong/Content/FMOD/Events/Underwater_Ambience.uexp" 223
"C:/Projects/TeNamNI/TheDepths_LastSong/Content/LevelPrototyping/Seafloor_Blueprint_1.uasset" 224
"C:/Projects/TeNamNI/TheDepths_LastSong/Content/LevelPrototyping/Seafloor_Blueprint_1.uexp" 225
"../../../Engine/Plugins/Runtime/MeshModelingToolset/Content/Materials/M_DynamicMeshComponentVtxColor.uasset" 226
"../../../Engine/Plugins/Runtime/MeshModelingToolset/Content/Materials/M_DynamicMeshComponentVtxColor.uexp" 227
"../../../Engine/Plugins/Interchange/Runtime/Content/Pipelines/DefaultTexturePipeline.uasset" 228
"../../../Engine/Plugins/Interchange/Runtime/Content/Pipelines/DefaultTexturePipeline.uexp" 229
"../../../Engine/Plugins/Interchange/Runtime/Content/Pipelines/DefaultSceneLevelPipeline.uasset" 230
"../../../Engine/Plugins/Interchange/Runtime/Content/Pipelines/DefaultSceneLevelPipeline.uexp" 231
"../../../Engine/Plugins/Interchange/Runtime/Content/Pipelines/DefaultSceneAssetsPipeline.uasset" 232
"../../../Engine/Plugins/Interchange/Runtime/Content/Pipelines/DefaultSceneAssetsPipeline.uexp" 233
"../../../Engine/Plugins/Interchange/Runtime/Content/Pipelines/DefaultMaterialPipeline.uasset" 234
"../../../Engine/Plugins/Interchange/Runtime/Content/Pipelines/DefaultMaterialPipeline.uexp" 235
"../../../Engine/Plugins/Interchange/Runtime/Content/Pipelines/DefaultAssetsPipeline.uasset" 236
"../../../Engine/Plugins/Interchange/Runtime/Content/Pipelines/DefaultAssetsPipeline.uexp" 237
"../../../Engine/Plugins/Animation/ControlRig/Content/Controls/DefaultGizmoLibraryNormalized.uasset" 238
"../../../Engine/Plugins/Animation/ControlRig/Content/Controls/DefaultGizmoLibraryNormalized.uexp" 239
"../../../Engine/Plugins/Animation/ControlRig/Content/Controls/ControlRig_Wedge_solid.ubulk" 240
"../../../Engine/Plugins/Animation/ControlRig/Content/Controls/ControlRig_Wedge_solid.uasset" 241
"../../../Engine/Plugins/Animation/ControlRig/Content/Controls/ControlRig_Wedge_solid.uexp" 242
"../../../Engine/Plugins/Animation/ControlRig/Content/Controls/ControlRig_Wedge_3mm.ubulk" 243
"../../../Engine/Plugins/Animation/ControlRig/Content/Controls/ControlRig_Wedge_3mm.uasset" 244
"../../../Engine/Plugins/Animation/ControlRig/Content/Controls/ControlRig_Wedge_3mm.uexp" 245
"../../../Engine/Plugins/Animation/ControlRig/Content/Controls/ControlRig_Wedge_1mm.ubulk" 246
"../../../Engine/Plugins/Animation/ControlRig/Content/Controls/ControlRig_Wedge_1mm.uasset" 247
"../../../Engine/Plugins/Animation/ControlRig/Content/Controls/ControlRig_Wedge_1mm.uexp" 248
"../../../Engine/Plugins/Animation/ControlRig/Content/Controls/ControlRig_Triangle_solid.ubulk" 249
"../../../Engine/Plugins/Animation/ControlRig/Content/Controls/ControlRig_Triangle_solid.uasset" 250
"../../../Engine/Plugins/Animation/ControlRig/Content/Controls/ControlRig_Triangle_solid.uexp" 251
"../../../Engine/Plugins/Animation/ControlRig/Content/Controls/ControlRig_Triangle_3mm.ubulk" 252
"../../../Engine/Plugins/Animation/ControlRig/Content/Controls/ControlRig_Triangle_3mm.uasset" 253
"../../../Engine/Plugins/Animation/ControlRig/Content/Controls/ControlRig_Triangle_3mm.uexp" 254
"../../../Engine/Plugins/Animation/ControlRig/Content/Controls/ControlRig_Triangle_1mm.ubulk" 255
"../../../Engine/Plugins/Animation/ControlRig/Content/Controls/ControlRig_Triangle_1mm.uasset" 256
"../../../Engine/Plugins/Animation/ControlRig/Content/Controls/ControlRig_Triangle_1mm.uexp" 257
"../../../Engine/Plugins/Animation/ControlRig/Content/Controls/ControlRig_Star4_solid.ubulk" 258
"../../../Engine/Plugins/Animation/ControlRig/Content/Controls/ControlRig_Star4_solid.uasset" 259
"../../../Engine/Plugins/Animation/ControlRig/Content/Controls/ControlRig_Star4_solid.uexp" 260
"../../../Engine/Plugins/Animation/ControlRig/Content/Controls/ControlRig_Star4_3mm.ubulk" 261
"../../../Engine/Plugins/Animation/ControlRig/Content/Controls/ControlRig_Star4_3mm.uasset" 262
"../../../Engine/Plugins/Animation/ControlRig/Content/Controls/ControlRig_Star4_3mm.uexp" 263
"../../../Engine/Plugins/Animation/ControlRig/Content/Controls/ControlRig_Star4_1mm.ubulk" 264
"../../../Engine/Plugins/Animation/ControlRig/Content/Controls/ControlRig_Star4_1mm.uasset" 265
"../../../Engine/Plugins/Animation/ControlRig/Content/Controls/ControlRig_Star4_1mm.uexp" 266
"../../../Engine/Plugins/Animation/ControlRig/Content/Controls/ControlRig_Square_solid.ubulk" 267
"../../../Engine/Plugins/Animation/ControlRig/Content/Controls/ControlRig_Square_solid.uasset" 268
"../../../Engine/Plugins/Animation/ControlRig/Content/Controls/ControlRig_Square_solid.uexp" 269
"../../../Engine/Plugins/Animation/ControlRig/Content/Controls/ControlRig_Square_3mm.ubulk" 270
"../../../Engine/Plugins/Animation/ControlRig/Content/Controls/ControlRig_Square_3mm.uasset" 271
"../../../Engine/Plugins/Animation/ControlRig/Content/Controls/ControlRig_Square_3mm.uexp" 272
"../../../Engine/Plugins/Animation/ControlRig/Content/Controls/ControlRig_Square_1mm.ubulk" 273
"../../../Engine/Plugins/Animation/ControlRig/Content/Controls/ControlRig_Square_1mm.uasset" 274
"../../../Engine/Plugins/Animation/ControlRig/Content/Controls/ControlRig_Square_1mm.uexp" 275
"../../../Engine/Plugins/Animation/ControlRig/Content/Controls/ControlRig_Sphere_solid.ubulk" 276
"../../../Engine/Plugins/Animation/ControlRig/Content/Controls/ControlRig_Sphere_solid.uasset" 277
"../../../Engine/Plugins/Animation/ControlRig/Content/Controls/ControlRig_Sphere_solid.uexp" 278
"../../../Engine/Plugins/Animation/ControlRig/Content/Controls/ControlRig_Sphere_3mm.ubulk" 279
"../../../Engine/Plugins/Animation/ControlRig/Content/Controls/ControlRig_Sphere_3mm.uasset" 280
"../../../Engine/Plugins/Animation/ControlRig/Content/Controls/ControlRig_Sphere_3mm.uexp" 281
"../../../Engine/Plugins/Animation/ControlRig/Content/Controls/ControlRig_Sphere_1mm.ubulk" 282
"../../../Engine/Plugins/Animation/ControlRig/Content/Controls/ControlRig_Sphere_1mm.uasset" 283
"../../../Engine/Plugins/Animation/ControlRig/Content/Controls/ControlRig_Sphere_1mm.uexp" 284
"../../../Engine/Plugins/Animation/ControlRig/Content/Controls/ControlRig_RoundedTriangle_solid.ubulk" 285
"../../../Engine/Plugins/Animation/ControlRig/Content/Controls/ControlRig_RoundedTriangle_solid.uasset" 286
"../../../Engine/Plugins/Animation/ControlRig/Content/Controls/ControlRig_RoundedTriangle_solid.uexp" 287
"../../../Engine/Plugins/Animation/ControlRig/Content/Controls/ControlRig_RoundedTriangle_3mm.ubulk" 288
"../../../Engine/Plugins/Animation/ControlRig/Content/Controls/ControlRig_RoundedTriangle_3mm.uasset" 289
"../../../Engine/Plugins/Animation/ControlRig/Content/Controls/ControlRig_RoundedTriangle_3mm.uexp" 290
"../../../Engine/Plugins/Animation/ControlRig/Content/Controls/ControlRig_RoundedTriangle_1mm.ubulk" 291
"../../../Engine/Plugins/Animation/ControlRig/Content/Controls/ControlRig_RoundedTriangle_1mm.uasset" 292
"../../../Engine/Plugins/Animation/ControlRig/Content/Controls/ControlRig_RoundedTriangle_1mm.uexp" 293
"../../../Engine/Plugins/Animation/ControlRig/Content/Controls/ControlRig_RoundedSquare_solid.ubulk" 294
"../../../Engine/Plugins/Animation/ControlRig/Content/Controls/ControlRig_RoundedSquare_solid.uasset" 295
"../../../Engine/Plugins/Animation/ControlRig/Content/Controls/ControlRig_RoundedSquare_solid.uexp" 296
"../../../Engine/Plugins/Animation/ControlRig/Content/Controls/ControlRig_RoundedSquare_3mm.ubulk" 297
"../../../Engine/Plugins/Animation/ControlRig/Content/Controls/ControlRig_RoundedSquare_3mm.uasset" 298
"../../../Engine/Plugins/Animation/ControlRig/Content/Controls/ControlRig_RoundedSquare_3mm.uexp" 299
"../../../Engine/Plugins/Animation/ControlRig/Content/Controls/ControlRig_RoundedSquare_1mm.ubulk" 300
"../../../Engine/Plugins/Animation/ControlRig/Content/Controls/ControlRig_RoundedSquare_1mm.uasset" 301
"../../../Engine/Plugins/Animation/ControlRig/Content/Controls/ControlRig_RoundedSquare_1mm.uexp" 302
"../../../Engine/Plugins/Animation/ControlRig/Content/Controls/ControlRig_QuarterCircle_solid.ubulk" 303
"../../../Engine/Plugins/Animation/ControlRig/Content/Controls/ControlRig_QuarterCircle_solid.uasset" 304
"../../../Engine/Plugins/Animation/ControlRig/Content/Controls/ControlRig_QuarterCircle_solid.uexp" 305
"../../../Engine/Plugins/Animation/ControlRig/Content/Controls/ControlRig_QuarterCircle_3mm.ubulk" 306
"../../../Engine/Plugins/Animation/ControlRig/Content/Controls/ControlRig_QuarterCircle_3mm.uasset" 307
"../../../Engine/Plugins/Animation/ControlRig/Content/Controls/ControlRig_QuarterCircle_3mm.uexp" 308
"../../../Engine/Plugins/Animation/ControlRig/Content/Controls/ControlRig_QuarterCircle_1mm.ubulk" 309
"../../../Engine/Plugins/Animation/ControlRig/Content/Controls/ControlRig_QuarterCircle_1mm.uasset" 310
"../../../Engine/Plugins/Animation/ControlRig/Content/Controls/ControlRig_QuarterCircle_1mm.uexp" 311
"../../../Engine/Plugins/Animation/ControlRig/Content/Controls/ControlRig_Pyramid_solid.ubulk" 312
"../../../Engine/Plugins/Animation/ControlRig/Content/Controls/ControlRig_Pyramid_solid.uasset" 313
"../../../Engine/Plugins/Animation/ControlRig/Content/Controls/ControlRig_Pyramid_solid.uexp" 314
"../../../Engine/Plugins/Animation/ControlRig/Content/Controls/ControlRig_Pyramid_3mm.ubulk" 315
"../../../Engine/Plugins/Animation/ControlRig/Content/Controls/ControlRig_Pyramid_3mm.uasset" 316
"../../../Engine/Plugins/Animation/ControlRig/Content/Controls/ControlRig_Pyramid_3mm.uexp" 317
"../../../Engine/Plugins/Animation/ControlRig/Content/Controls/ControlRig_Pyramid_1mm.ubulk" 318
"../../../Engine/Plugins/Animation/ControlRig/Content/Controls/ControlRig_Pyramid_1mm.uasset" 319
"../../../Engine/Plugins/Animation/ControlRig/Content/Controls/ControlRig_Pyramid_1mm.uexp" 320
"../../../Engine/Plugins/Animation/ControlRig/Content/Controls/ControlRig_Octagon_solid.ubulk" 321
"../../../Engine/Plugins/Animation/ControlRig/Content/Controls/ControlRig_Octagon_solid.uasset" 322
"../../../Engine/Plugins/Animation/ControlRig/Content/Controls/ControlRig_Octagon_solid.uexp" 323
"../../../Engine/Plugins/Animation/ControlRig/Content/Controls/ControlRig_Octagon_3mm.ubulk" 324
"../../../Engine/Plugins/Animation/ControlRig/Content/Controls/ControlRig_Octagon_3mm.uasset" 325
"../../../Engine/Plugins/Animation/ControlRig/Content/Controls/ControlRig_Octagon_3mm.uexp" 326
"../../../Engine/Plugins/Animation/ControlRig/Content/Controls/ControlRig_Octagon_1mm.ubulk" 327
"../../../Engine/Plugins/Animation/ControlRig/Content/Controls/ControlRig_Octagon_1mm.uasset" 328
"../../../Engine/Plugins/Animation/ControlRig/Content/Controls/ControlRig_Octagon_1mm.uexp" 329
"../../../Engine/Plugins/Animation/ControlRig/Content/Controls/ControlRig_Hexagon_solid.ubulk" 330
"../../../Engine/Plugins/Animation/ControlRig/Content/Controls/ControlRig_Hexagon_solid.uasset" 331
"../../../Engine/Plugins/Animation/ControlRig/Content/Controls/ControlRig_Hexagon_solid.uexp" 332
"../../../Engine/Plugins/Animation/ControlRig/Content/Controls/ControlRig_Hexagon_3mm.ubulk" 333
"../../../Engine/Plugins/Animation/ControlRig/Content/Controls/ControlRig_Hexagon_3mm.uasset" 334
"../../../Engine/Plugins/Animation/ControlRig/Content/Controls/ControlRig_Hexagon_3mm.uexp" 335
"../../../Engine/Plugins/Animation/ControlRig/Content/Controls/ControlRig_Hexagon_1mm.ubulk" 336
"../../../Engine/Plugins/Animation/ControlRig/Content/Controls/ControlRig_Hexagon_1mm.uasset" 337
"../../../Engine/Plugins/Animation/ControlRig/Content/Controls/ControlRig_Hexagon_1mm.uexp" 338
"../../../Engine/Plugins/Animation/ControlRig/Content/Controls/ControlRig_HalfCircle_solid.ubulk" 339
"../../../Engine/Plugins/Animation/ControlRig/Content/Controls/ControlRig_HalfCircle_solid.uasset" 340
"../../../Engine/Plugins/Animation/ControlRig/Content/Controls/ControlRig_HalfCircle_solid.uexp" 341
"../../../Engine/Plugins/Animation/ControlRig/Content/Controls/ControlRig_HalfCircle_3mm.ubulk" 342
"../../../Engine/Plugins/Animation/ControlRig/Content/Controls/ControlRig_HalfCircle_3mm.uasset" 343
"../../../Engine/Plugins/Animation/ControlRig/Content/Controls/ControlRig_HalfCircle_3mm.uexp" 344
"../../../Engine/Plugins/Animation/ControlRig/Content/Controls/ControlRig_HalfCircle_1mm.ubulk" 345
"../../../Engine/Plugins/Animation/ControlRig/Content/Controls/ControlRig_HalfCircle_1mm.uasset" 346
"../../../Engine/Plugins/Animation/ControlRig/Content/Controls/ControlRig_HalfCircle_1mm.uexp" 347
"../../../Engine/Plugins/Animation/ControlRig/Content/Controls/ControlRig_Diamond_solid.ubulk" 348
"../../../Engine/Plugins/Animation/ControlRig/Content/Controls/ControlRig_Diamond_solid.uasset" 349
"../../../Engine/Plugins/Animation/ControlRig/Content/Controls/ControlRig_Diamond_solid.uexp" 350
"../../../Engine/Plugins/Animation/ControlRig/Content/Controls/ControlRig_Diamond_3mm.ubulk" 351
"../../../Engine/Plugins/Animation/ControlRig/Content/Controls/ControlRig_Diamond_3mm.uasset" 352
"../../../Engine/Plugins/Animation/ControlRig/Content/Controls/ControlRig_Diamond_3mm.uexp" 353
"../../../Engine/Plugins/Animation/ControlRig/Content/Controls/ControlRig_Diamond_1mm.ubulk" 354
"../../../Engine/Plugins/Animation/ControlRig/Content/Controls/ControlRig_Diamond_1mm.uasset" 355
"../../../Engine/Plugins/Animation/ControlRig/Content/Controls/ControlRig_Diamond_1mm.uexp" 356
"../../../Engine/Plugins/Animation/ControlRig/Content/Controls/ControlRig_Circle_solid.ubulk" 357
"../../../Engine/Plugins/Animation/ControlRig/Content/Controls/ControlRig_Circle_solid.uasset" 358
"../../../Engine/Plugins/Animation/ControlRig/Content/Controls/ControlRig_Circle_solid.uexp" 359
"../../../Engine/Plugins/Animation/ControlRig/Content/Controls/ControlRig_Circle_3mm.ubulk" 360
"../../../Engine/Plugins/Animation/ControlRig/Content/Controls/ControlRig_Circle_3mm.uasset" 361
"../../../Engine/Plugins/Animation/ControlRig/Content/Controls/ControlRig_Circle_3mm.uexp" 362
"../../../Engine/Plugins/Animation/ControlRig/Content/Controls/ControlRig_Circle_1mm.ubulk" 363
"../../../Engine/Plugins/Animation/ControlRig/Content/Controls/ControlRig_Circle_1mm.uasset" 364
"../../../Engine/Plugins/Animation/ControlRig/Content/Controls/ControlRig_Circle_1mm.uexp" 365
"../../../Engine/Plugins/Animation/ControlRig/Content/Controls/ControlRig_Box_solid.ubulk" 366
"../../../Engine/Plugins/Animation/ControlRig/Content/Controls/ControlRig_Box_solid.uasset" 367
"../../../Engine/Plugins/Animation/ControlRig/Content/Controls/ControlRig_Box_solid.uexp" 368
"../../../Engine/Plugins/Animation/ControlRig/Content/Controls/ControlRig_Box_3mm.ubulk" 369
"../../../Engine/Plugins/Animation/ControlRig/Content/Controls/ControlRig_Box_3mm.uasset" 370
"../../../Engine/Plugins/Animation/ControlRig/Content/Controls/ControlRig_Box_3mm.uexp" 371
"../../../Engine/Plugins/Animation/ControlRig/Content/Controls/ControlRig_Box_1mm.ubulk" 372
"../../../Engine/Plugins/Animation/ControlRig/Content/Controls/ControlRig_Box_1mm.uasset" 373
"../../../Engine/Plugins/Animation/ControlRig/Content/Controls/ControlRig_Box_1mm.uexp" 374
"../../../Engine/Plugins/Animation/ControlRig/Content/Controls/ControlRig_Arrow_solid.ubulk" 375
"../../../Engine/Plugins/Animation/ControlRig/Content/Controls/ControlRig_Arrow_solid.uasset" 376
"../../../Engine/Plugins/Animation/ControlRig/Content/Controls/ControlRig_Arrow_solid.uexp" 377
"../../../Engine/Plugins/Animation/ControlRig/Content/Controls/ControlRig_Arrow_3mm.ubulk" 378
"../../../Engine/Plugins/Animation/ControlRig/Content/Controls/ControlRig_Arrow_3mm.uasset" 379
"../../../Engine/Plugins/Animation/ControlRig/Content/Controls/ControlRig_Arrow_3mm.uexp" 380
"../../../Engine/Plugins/Animation/ControlRig/Content/Controls/ControlRig_Arrow_1mm.ubulk" 381
"../../../Engine/Plugins/Animation/ControlRig/Content/Controls/ControlRig_Arrow_1mm.uasset" 382
"../../../Engine/Plugins/Animation/ControlRig/Content/Controls/ControlRig_Arrow_1mm.uexp" 383
"../../../Engine/Plugins/Animation/ControlRig/Content/Controls/ControlRig_Arrow4_solid.ubulk" 384
"../../../Engine/Plugins/Animation/ControlRig/Content/Controls/ControlRig_Arrow4_solid.uasset" 385
"../../../Engine/Plugins/Animation/ControlRig/Content/Controls/ControlRig_Arrow4_solid.uexp" 386
"../../../Engine/Plugins/Animation/ControlRig/Content/Controls/ControlRig_Arrow4_3mm.ubulk" 387
"../../../Engine/Plugins/Animation/ControlRig/Content/Controls/ControlRig_Arrow4_3mm.uasset" 388
"../../../Engine/Plugins/Animation/ControlRig/Content/Controls/ControlRig_Arrow4_3mm.uexp" 389
"../../../Engine/Plugins/Animation/ControlRig/Content/Controls/ControlRig_Arrow4_1mm.ubulk" 390
"../../../Engine/Plugins/Animation/ControlRig/Content/Controls/ControlRig_Arrow4_1mm.uasset" 391
"../../../Engine/Plugins/Animation/ControlRig/Content/Controls/ControlRig_Arrow4_1mm.uexp" 392
"../../../Engine/Plugins/Animation/ControlRig/Content/Controls/ControlRig_Arrow2_solid.ubulk" 393
"../../../Engine/Plugins/Animation/ControlRig/Content/Controls/ControlRig_Arrow2_solid.uasset" 394
"../../../Engine/Plugins/Animation/ControlRig/Content/Controls/ControlRig_Arrow2_solid.uexp" 395
"../../../Engine/Plugins/Animation/ControlRig/Content/Controls/ControlRig_Arrow2_3mm.ubulk" 396
"../../../Engine/Plugins/Animation/ControlRig/Content/Controls/ControlRig_Arrow2_3mm.uasset" 397
"../../../Engine/Plugins/Animation/ControlRig/Content/Controls/ControlRig_Arrow2_3mm.uexp" 398
"../../../Engine/Plugins/Animation/ControlRig/Content/Controls/ControlRig_Arrow2_1mm.ubulk" 399
"../../../Engine/Plugins/Animation/ControlRig/Content/Controls/ControlRig_Arrow2_1mm.uasset" 400
"../../../Engine/Plugins/Animation/ControlRig/Content/Controls/ControlRig_Arrow2_1mm.uexp" 401
"../../../Engine/Plugins/Animation/ControlRig/Content/Controls/ControlRigXRayMaterial.uasset" 402
"../../../Engine/Plugins/Animation/ControlRig/Content/Controls/ControlRigXRayMaterial.uexp" 403
"../../../Engine/Plugins/Animation/ControlRig/Content/Controls/ControlRigGizmoMaterial.uasset" 404
"../../../Engine/Plugins/Animation/ControlRig/Content/Controls/ControlRigGizmoMaterial.uexp" 405
"../../../Engine/Content/EngineSounds/Master.uasset" 406
"../../../Engine/Content/EngineSounds/Master.uexp" 407
"../../../Engine/Content/EngineSky/T_Sky_Stars.ubulk" 408
"../../../Engine/Content/EngineSky/T_Sky_Stars.uasset" 409
"../../../Engine/Content/EngineSky/T_Sky_Stars.uexp" 410
"../../../Engine/Content/EngineSky/T_Sky_Clouds_M.ubulk" 411
"../../../Engine/Content/EngineSky/T_Sky_Clouds_M.uasset" 412
"../../../Engine/Content/EngineSky/T_Sky_Clouds_M.uexp" 413
"../../../Engine/Content/EngineSky/T_Sky_Blue.ubulk" 414
"../../../Engine/Content/EngineSky/T_Sky_Blue.uasset" 415
"../../../Engine/Content/EngineSky/T_Sky_Blue.uexp" 416
"../../../Engine/Content/EngineSky/M_Sky_Panning_Clouds2.uasset" 417
"../../../Engine/Content/EngineSky/M_Sky_Panning_Clouds2.uexp" 418
"../../../Engine/Content/EngineSky/SM_SkySphere.ubulk" 419
"../../../Engine/Content/EngineSky/SM_SkySphere.uasset" 420
"../../../Engine/Content/EngineSky/SM_SkySphere.uexp" 421
"../../../Engine/Content/EngineMaterials/RemoveSurfaceMaterial.uasset" 422
"../../../Engine/Content/EngineMaterials/RemoveSurfaceMaterial.uexp" 423
"../../../Engine/Content/EngineMaterials/DefaultCalibrationGrayscale.uasset" 424
"../../../Engine/Content/EngineMaterials/DefaultCalibrationGrayscale.uexp" 425
"../../../Engine/Content/EngineMaterials/PPM_DefaultCalibrationGrayscale.uasset" 426
"../../../Engine/Content/EngineMaterials/PPM_DefaultCalibrationGrayscale.uexp" 427
"../../../Engine/Content/EngineMaterials/DefaultCalibrationColor.uasset" 428
"../../../Engine/Content/EngineMaterials/DefaultCalibrationColor.uexp" 429
"../../../Engine/Content/EngineMaterials/PPM_DefaultCalibrationColor.uasset" 430
"../../../Engine/Content/EngineMaterials/PPM_DefaultCalibrationColor.uexp" 431
"../../../Engine/Content/EngineMaterials/PhAT_JointLimitMaterial.uasset" 432
"../../../Engine/Content/EngineMaterials/PhAT_JointLimitMaterial.uexp" 433
"../../../Engine/Content/EngineMaterials/NaniteHiddenSectionMaterial.uasset" 434
"../../../Engine/Content/EngineMaterials/NaniteHiddenSectionMaterial.uexp" 435
"../../../Engine/Content/EngineMaterials/InvalidLightmapSettings.ubulk" 436
"../../../Engine/Content/EngineMaterials/InvalidLightmapSettings.uasset" 437
"../../../Engine/Content/EngineMaterials/InvalidLightmapSettings.uexp" 438
"../../../Engine/Content/EngineMaterials/M_InvalidLightmapSettings.uasset" 439
"../../../Engine/Content/EngineMaterials/M_InvalidLightmapSettings.uexp" 440
"../../../Engine/Content/EngineMaterials/GizmoMaterial.uasset" 441
"../../../Engine/Content/EngineMaterials/GizmoMaterial.uexp" 442
"../../../Engine/Content/EngineMaterials/BaseFlattenEmissiveMap_VT.uasset" 443
"../../../Engine/Content/EngineMaterials/BaseFlattenEmissiveMap_VT.uexp" 444
"../../../Engine/Content/EngineMaterials/BaseFlattenGrayscaleMap_VT.uasset" 445
"../../../Engine/Content/EngineMaterials/BaseFlattenGrayscaleMap_VT.uexp" 446
"../../../Engine/Content/EngineMaterials/BaseFlattenLinearColor_VT.uasset" 447
"../../../Engine/Content/EngineMaterials/BaseFlattenLinearColor_VT.uexp" 448
"../../../Engine/Content/EngineMaterials/Black_1x1_EXR_Texture_VT.uasset" 449
"../../../Engine/Content/EngineMaterials/Black_1x1_EXR_Texture_VT.uexp" 450
"../../../Engine/Content/EngineMaterials/BaseFlattenDiffuseMap_VT.uasset" 451
"../../../Engine/Content/EngineMaterials/BaseFlattenDiffuseMap_VT.uexp" 452
"../../../Engine/Content/EngineMaterials/BaseFlattenNormalMap_VT.uasset" 453
"../../../Engine/Content/EngineMaterials/BaseFlattenNormalMap_VT.uexp" 454
"../../../Engine/Content/EngineMaterials/FlattenMaterial_WS_Normal_VT.uasset" 455
"../../../Engine/Content/EngineMaterials/FlattenMaterial_WS_Normal_VT.uexp" 456
"../../../Engine/Content/EngineMaterials/FlattenMaterial_VT.uasset" 457
"../../../Engine/Content/EngineMaterials/FlattenMaterial_VT.uexp" 458
"../../../Engine/Content/EngineMaterials/BaseFlattenNormalMap.uasset" 459
"../../../Engine/Content/EngineMaterials/BaseFlattenNormalMap.uexp" 460
"../../../Engine/Content/EngineMaterials/BaseFlattenGrayscaleMap.uasset" 461
"../../../Engine/Content/EngineMaterials/BaseFlattenGrayscaleMap.uexp" 462
"../../../Engine/Content/EngineMaterials/BaseFlattenDiffuseMap.uasset" 463
"../../../Engine/Content/EngineMaterials/BaseFlattenDiffuseMap.uexp" 464
"../../../Engine/Content/Functions/Engine_MaterialFunctions02/PivotPainter2/Black_1x1_EXR_Texture.uasset" 465
"../../../Engine/Content/Functions/Engine_MaterialFunctions02/PivotPainter2/Black_1x1_EXR_Texture.uexp" 466
"../../../Engine/Content/EngineMaterials/BaseFlattenEmissiveMap.uasset" 467
"../../../Engine/Content/EngineMaterials/BaseFlattenEmissiveMap.uexp" 468
"../../../Engine/Content/EngineMaterials/BaseFlattenLinearColor.uasset" 469
"../../../Engine/Content/EngineMaterials/BaseFlattenLinearColor.uexp" 470
"../../../Engine/Content/EngineMaterials/FlattenMaterial.uasset" 471
"../../../Engine/Content/EngineMaterials/FlattenMaterial.uexp" 472
"../../../Engine/Content/EngineMaterials/DefaultWhiteGrid_Low.uasset" 473
"../../../Engine/Content/EngineMaterials/DefaultWhiteGrid_Low.uexp" 474
"../../../Engine/Content/EngineMaterials/EmissiveMeshMaterial.uasset" 475
"../../../Engine/Content/EngineMaterials/EmissiveMeshMaterial.uexp" 476
"../../../Engine/Content/EngineFonts/RobotoDistanceField.uasset" 477
"../../../Engine/Content/EngineFonts/RobotoDistanceField.uexp" 478
"../../../Engine/Content/EngineMaterials/DefaultTextMaterialOpaque.uasset" 479
"../../../Engine/Content/EngineMaterials/DefaultTextMaterialOpaque.uexp" 480
"../../../Engine/Content/EngineMaterials/DefaultDiffuse.ubulk" 481
"../../../Engine/Content/EngineMaterials/DefaultDiffuse.uasset" 482
"../../../Engine/Content/EngineMaterials/DefaultDiffuse.uexp" 483
"../../../Engine/Content/Functions/Engine_MaterialFunctions02/Utility/BreakOutFloat2Components.uasset" 484
"../../../Engine/Content/Functions/Engine_MaterialFunctions02/Utility/BreakOutFloat2Components.uexp" 485
"../../../Engine/Content/EngineMaterials/DefaultPostProcessMaterial.uasset" 486
"../../../Engine/Content/EngineMaterials/DefaultPostProcessMaterial.uexp" 487
"../../../Engine/Content/EngineMaterials/DefaultPhysicalMaterial.uasset" 488
"../../../Engine/Content/EngineMaterials/DefaultPhysicalMaterial.uexp" 489
"../../../Engine/Content/EngineMaterials/DefaultLightFunctionMaterial.uasset" 490
"../../../Engine/Content/EngineMaterials/DefaultLightFunctionMaterial.uexp" 491
"../../../Engine/Content/EngineMaterials/DefaultDestructiblePhysicalMaterial.uasset" 492
"../../../Engine/Content/EngineMaterials/DefaultDestructiblePhysicalMaterial.uexp" 493
"../../../Engine/Content/EngineMaterials/DefaultDeferredDecalMaterial.uasset" 494
"../../../Engine/Content/EngineMaterials/DefaultDeferredDecalMaterial.uexp" 495
"../../../Engine/Content/EngineMaterials/DefaultBloomKernel.uasset" 496
"../../../Engine/Content/EngineMaterials/DefaultBloomKernel.uexp" 497
"../../../Engine/Content/EngineFonts/Faces/RobotoLight.uexp" 498
"../../../Engine/Content/EngineFonts/Faces/RobotoLight.uasset" 499
"../../../Engine/Content/EngineFonts/Faces/RobotoLight.ufont" 500
"../../../Engine/Content/EngineFonts/Faces/RobotoBold.uexp" 501
"../../../Engine/Content/EngineFonts/Faces/RobotoBold.uasset" 502
"../../../Engine/Content/EngineFonts/Faces/RobotoBold.ufont" 503
"../../../Engine/Content/EngineFonts/Faces/RobotoRegular.uexp" 504
"../../../Engine/Content/EngineFonts/Faces/RobotoRegular.uasset" 505
"../../../Engine/Content/EngineFonts/Faces/RobotoRegular.ufont" 506
"../../../Engine/Content/EngineFonts/Faces/DroidSansFallback.uexp" 507
"../../../Engine/Content/EngineFonts/Faces/DroidSansFallback.uasset" 508
"../../../Engine/Content/EngineFonts/Faces/DroidSansFallback.ufont" 509
"../../../Engine/Content/EngineFonts/Faces/RobotoItalic.uexp" 510
"../../../Engine/Content/EngineFonts/Faces/RobotoItalic.uasset" 511
"../../../Engine/Content/EngineFonts/Faces/RobotoItalic.ufont" 512
"../../../Engine/Content/EngineFonts/Faces/RobotoBoldItalic.uexp" 513
"../../../Engine/Content/EngineFonts/Faces/RobotoBoldItalic.uasset" 514
"../../../Engine/Content/EngineFonts/Faces/RobotoBoldItalic.ufont" 515
"../../../Engine/Content/EngineFonts/Roboto.uasset" 516
"../../../Engine/Content/EngineFonts/Roboto.uexp" 517
"../../../Engine/Content/BasicShapes/Cube.ubulk" 518
"../../../Engine/Content/BasicShapes/Cube.uasset" 519
"../../../Engine/Content/BasicShapes/Cube.uexp" 520
"C:/Projects/TeNamNI/TheDepths_LastSong/Content/Team_Blueprints/Player/DeathrReasonsEnum.uasset" 521
"C:/Projects/TeNamNI/TheDepths_LastSong/Content/Team_Blueprints/Player/DeathrReasonsEnum.uexp" 522
"C:/Projects/TeNamNI/TheDepths_LastSong/Content/Team_Blueprints/UI/GameOver/GameOver_UI.uasset" 523
"C:/Projects/TeNamNI/TheDepths_LastSong/Content/Team_Blueprints/UI/GameOver/GameOver_UI.uexp" 524
"../../../Engine/Plugins/FX/Niagara/Content/Enums/ENiagaraSphereDistributionMode.uasset" 525
"../../../Engine/Plugins/FX/Niagara/Content/Enums/ENiagaraSphereDistributionMode.uexp" 526
"../../../Engine/Plugins/FX/Niagara/Content/Enums/ENiagaraRandomnessMode.uasset" 527
"../../../Engine/Plugins/FX/Niagara/Content/Enums/ENiagaraRandomnessMode.uexp" 528
"../../../Engine/Plugins/FX/Niagara/Content/Enums/ENiagaraTorusDistributionMode.uasset" 529
"../../../Engine/Plugins/FX/Niagara/Content/Enums/ENiagaraTorusDistributionMode.uexp" 530
"../../../Engine/Plugins/FX/Niagara/Content/Enums/ENiagaraRandomnessEvaluation.uasset" 531
"../../../Engine/Plugins/FX/Niagara/Content/Enums/ENiagaraRandomnessEvaluation.uexp" 532
"../../../Engine/Plugins/FX/Niagara/Content/Enums/Location/ENiagara_LocationShapes.uasset" 533
"../../../Engine/Plugins/FX/Niagara/Content/Enums/Location/ENiagara_LocationShapes.uexp" 534
"../../../Engine/Plugins/FX/Niagara/Content/Enums/ENiagara_MassInitializationMode.uasset" 535
"../../../Engine/Plugins/FX/Niagara/Content/Enums/ENiagara_MassInitializationMode.uexp" 536
"../../../Engine/Plugins/FX/Niagara/Content/Enums/Location/ENiagara_CylinderMode.uasset" 537
"../../../Engine/Plugins/FX/Niagara/Content/Enums/Location/ENiagara_CylinderMode.uexp" 538
"../../../Engine/Plugins/FX/Niagara/Content/DefaultAssets/DefaultSpriteMaterial.uasset" 539
"../../../Engine/Plugins/FX/Niagara/Content/DefaultAssets/DefaultSpriteMaterial.uexp" 540
"../../../Engine/Plugins/FX/Niagara/Content/Enums/ENiagara_PositionInitializationMode.uasset" 541
"../../../Engine/Plugins/FX/Niagara/Content/Enums/ENiagara_PositionInitializationMode.uexp" 542
"../../../Engine/Plugins/FX/Niagara/Content/Icons/Modules/T_Icon_Solver_LimitSpeed.uasset" 543
"../../../Engine/Plugins/FX/Niagara/Content/Icons/Modules/T_Icon_Solver_LimitSpeed.uexp" 544
"../../../Engine/Plugins/FX/Niagara/Content/Icons/Modules/T_Icon_Solver_RotationalSolve.uasset" 545
"../../../Engine/Plugins/FX/Niagara/Content/Icons/Modules/T_Icon_Solver_RotationalSolve.uexp" 546
"../../../Engine/Plugins/FX/Niagara/Content/Icons/Modules/T_Icon_Solver_LimitAccel.uasset" 547
"../../../Engine/Plugins/FX/Niagara/Content/Icons/Modules/T_Icon_Solver_LimitAccel.uexp" 548
"../../../Engine/Plugins/FX/Niagara/Content/Enums/ENiagaraScaleColorMode.uasset" 549
"../../../Engine/Plugins/FX/Niagara/Content/Enums/ENiagaraScaleColorMode.uexp" 550
"../../../Engine/Plugins/FX/Niagara/Content/Enums/ENiagara_SizeScaleMode.uasset" 551
"../../../Engine/Plugins/FX/Niagara/Content/Enums/ENiagara_SizeScaleMode.uexp" 552
"../../../Engine/Plugins/FX/Niagara/Content/Enums/ENiagara_UVFlippingMode.uasset" 553
"../../../Engine/Plugins/FX/Niagara/Content/Enums/ENiagara_UVFlippingMode.uexp" 554
"../../../Engine/Plugins/FX/Niagara/Content/Enums/Ribbons/ENiagara_UnsetDirectSetRandom.uasset" 555
"../../../Engine/Plugins/FX/Niagara/Content/Enums/Ribbons/ENiagara_UnsetDirectSetRandom.uexp" 556
"../../../Engine/Plugins/FX/Niagara/Content/Enums/ENiagara_LifetimeMode.uasset" 557
"../../../Engine/Plugins/FX/Niagara/Content/Enums/ENiagara_LifetimeMode.uexp" 558
"../../../Engine/Plugins/FX/Niagara/Content/Enums/Ribbons/ENiagara_UnsetDirectSet.uasset" 559
"../../../Engine/Plugins/FX/Niagara/Content/Enums/Ribbons/ENiagara_UnsetDirectSet.uexp" 560
"../../../Engine/Plugins/FX/Niagara/Content/Enums/ENiagara_SpriteRotationMode.uasset" 561
"../../../Engine/Plugins/FX/Niagara/Content/Enums/ENiagara_SpriteRotationMode.uexp" 562
"../../../Engine/Plugins/FX/Niagara/Content/Enums/ENiagara_ColorInitializationMode.uasset" 563
"../../../Engine/Plugins/FX/Niagara/Content/Enums/ENiagara_ColorInitializationMode.uexp" 564
"../../../Engine/Plugins/FX/Niagara/Content/Enums/ENiagaraChannelCorrelation.uasset" 565
"../../../Engine/Plugins/FX/Niagara/Content/Enums/ENiagaraChannelCorrelation.uexp" 566
"../../../Engine/Plugins/FX/Niagara/Content/Enums/Transforms/ENiagara_ScaleMode.uasset" 567
"../../../Engine/Plugins/FX/Niagara/Content/Enums/Transforms/ENiagara_ScaleMode.uexp" 568
"../../../Engine/Plugins/FX/Niagara/Content/Enums/Angles/ENiagara_AngleInput.uasset" 569
"../../../Engine/Plugins/FX/Niagara/Content/Enums/Angles/ENiagara_AngleInput.uexp" 570
"../../../Engine/Plugins/FX/Niagara/Content/Enums/Utility/ENiagara_VelocityMode.uasset" 571
"../../../Engine/Plugins/FX/Niagara/Content/Enums/Utility/ENiagara_VelocityMode.uexp" 572
"../../../Engine/Plugins/FX/Niagara/Content/Enums/Transforms/ENiagara_RotationMode.uasset" 573
"../../../Engine/Plugins/FX/Niagara/Content/Enums/Transforms/ENiagara_RotationMode.uexp" 574
"../../../Engine/Plugins/FX/Niagara/Content/Enums/ENiagaraEmitterLifeCycleMode.uasset" 575
"../../../Engine/Plugins/FX/Niagara/Content/Enums/ENiagaraEmitterLifeCycleMode.uexp" 576
"../../../Engine/Plugins/FX/Niagara/Content/Enums/ENiagara_InfiniteLoopDuration.uasset" 577
"../../../Engine/Plugins/FX/Niagara/Content/Enums/ENiagara_InfiniteLoopDuration.uexp" 578
"../../../Engine/Plugins/FX/Niagara/Content/Enums/ENiagara_EmitterStateOptions.uasset" 579
"../../../Engine/Plugins/FX/Niagara/Content/Enums/ENiagara_EmitterStateOptions.uexp" 580
"../../../Engine/Plugins/FX/Niagara/Content/Enums/ENiagaraInactiveMode.uasset" 581
"../../../Engine/Plugins/FX/Niagara/Content/Enums/ENiagaraInactiveMode.uexp" 582
"../../../Engine/Plugins/FX/Niagara/Content/Enums/ENiagaraExecutionStateManagement.uasset" 583
"../../../Engine/Plugins/FX/Niagara/Content/Enums/ENiagaraExecutionStateManagement.uexp" 584
"../../../Engine/Plugins/FX/Niagara/Content/Enums/ENiagaraEmitterScalabilityMode_Limited.uasset" 585
"../../../Engine/Plugins/FX/Niagara/Content/Enums/ENiagaraEmitterScalabilityMode_Limited.uexp" 586
"../../../Engine/Plugins/FX/Niagara/Content/Enums/Location/ENiagara_ConeMode.uasset" 587
"../../../Engine/Plugins/FX/Niagara/Content/Enums/Location/ENiagara_ConeMode.uexp" 588
"../../../Engine/Plugins/FX/Niagara/Content/Enums/ENiagara_AttributeSamplingApplyOutput.uasset" 589
"../../../Engine/Plugins/FX/Niagara/Content/Enums/ENiagara_AttributeSamplingApplyOutput.uexp" 590
"../../../Engine/Plugins/FX/Niagara/Content/Enums/Transforms/ENiagara_OffsetMode.uasset" 591
"../../../Engine/Plugins/FX/Niagara/Content/Enums/Transforms/ENiagara_OffsetMode.uexp" 592
"../../../Engine/Plugins/FX/Niagara/Content/Enums/Location/ENiagara_BoxPlaneMode.uasset" 593
"../../../Engine/Plugins/FX/Niagara/Content/Enums/Location/ENiagara_BoxPlaneMode.uexp" 594
"../../../Engine/Plugins/FX/Niagara/Content/Enums/Transforms/ENiagara_TransformOrder.uasset" 595
"../../../Engine/Plugins/FX/Niagara/Content/Enums/Transforms/ENiagara_TransformOrder.uexp" 596
"../../../Engine/Plugins/FX/Niagara/Content/Enums/Location/ENiagaraRingDiscMode.uasset" 597
"../../../Engine/Plugins/FX/Niagara/Content/Enums/Location/ENiagaraRingDiscMode.uexp" 598
"../../../Engine/Plugins/FX/Niagara/Content/Enums/ENiagaraShapeTorusMode.uasset" 599
"../../../Engine/Plugins/FX/Niagara/Content/Enums/ENiagaraShapeTorusMode.uexp" 600
"../../../Engine/Plugins/FX/Niagara/Content/Enums/ENiagaraExpansionMode.uasset" 601
"../../../Engine/Plugins/FX/Niagara/Content/Enums/ENiagaraExpansionMode.uexp" 602
"../../../Engine/Plugins/FX/Niagara/Content/Enums/Transforms/ENiagara_TransformType.uasset" 603
"../../../Engine/Plugins/FX/Niagara/Content/Enums/Transforms/ENiagara_TransformType.uexp" 604
"../../../Engine/Plugins/FX/Niagara/Content/Icons/Modules/T_Icon_Particle_InfiniteLife.uasset" 605
"../../../Engine/Plugins/FX/Niagara/Content/Icons/Modules/T_Icon_Particle_InfiniteLife.uexp" 606
"../../../Engine/Plugins/FX/Niagara/Content/Enums/ENiagaraSystemInactiveMode.uasset" 607
"../../../Engine/Plugins/FX/Niagara/Content/Enums/ENiagaraSystemInactiveMode.uexp" 608
"C:/Projects/TeNamNI/TheDepths_LastSong/Content/StarterContent/Textures/T_MacroVariation.uasset" 609
"C:/Projects/TeNamNI/TheDepths_LastSong/Content/StarterContent/Textures/T_MacroVariation.uexp" 610
"C:/Projects/TeNamNI/TheDepths_LastSong/Content/StarterContent/Materials/M_Metal_Chrome.uasset" 611
"C:/Projects/TeNamNI/TheDepths_LastSong/Content/StarterContent/Materials/M_Metal_Chrome.uexp" 612
"C:/Projects/TeNamNI/TheDepths_LastSong/Content/Team_Blueprints/Player/Bubbles_System.uasset" 613
"C:/Projects/TeNamNI/TheDepths_LastSong/Content/Team_Blueprints/Player/Bubbles_System.uexp" 614
"C:/Projects/TeNamNI/TheDepths_LastSong/Content/FirstPerson/Input/Actions/IA_Look.uasset" 615
"C:/Projects/TeNamNI/TheDepths_LastSong/Content/FirstPerson/Input/Actions/IA_Look.uexp" 616
"C:/Projects/TeNamNI/TheDepths_LastSong/Content/Team_Blueprints/Player/DialogueReasons.uasset" 617
"C:/Projects/TeNamNI/TheDepths_LastSong/Content/Team_Blueprints/Player/DialogueReasons.uexp" 618
"C:/Projects/TeNamNI/TheDepths_LastSong/Content/FirstPerson/Input/Actions/IA_Move.uasset" 619
"C:/Projects/TeNamNI/TheDepths_LastSong/Content/FirstPerson/Input/Actions/IA_Move.uexp" 620
"C:/Projects/TeNamNI/TheDepths_LastSong/Content/Team_Blueprints/UI/Pause_Menu/PauseMenu_WB.uasset" 621
"C:/Projects/TeNamNI/TheDepths_LastSong/Content/Team_Blueprints/UI/Pause_Menu/PauseMenu_WB.uexp" 622
"C:/Projects/TeNamNI/TheDepths_LastSong/Content/Team_Blueprints/Gamemode/LastSong_GameInstance.uasset" 623
"C:/Projects/TeNamNI/TheDepths_LastSong/Content/Team_Blueprints/Gamemode/LastSong_GameInstance.uexp" 624
"C:/Projects/TeNamNI/TheDepths_LastSong/Content/Team_Blueprints/Player/DiversHelmet_lambert1_BaseColor.ubulk" 625
"C:/Projects/TeNamNI/TheDepths_LastSong/Content/Team_Blueprints/Player/DiversHelmet_lambert1_BaseColor.uasset" 626
"C:/Projects/TeNamNI/TheDepths_LastSong/Content/Team_Blueprints/Player/DiversHelmet_lambert1_BaseColor.uexp" 627
"C:/Projects/TeNamNI/TheDepths_LastSong/Content/Team_Blueprints/Player/DiversHelmet_lambert1_BaseColor_Mat.uasset" 628
"C:/Projects/TeNamNI/TheDepths_LastSong/Content/Team_Blueprints/Player/DiversHelmet_lambert1_BaseColor_Mat.uexp" 629
"C:/Projects/TeNamNI/TheDepths_LastSong/Content/Team_Blueprints/Player/DiversHelmet.ubulk" 630
"C:/Projects/TeNamNI/TheDepths_LastSong/Content/Team_Blueprints/Player/DiversHelmet.uasset" 631
"C:/Projects/TeNamNI/TheDepths_LastSong/Content/Team_Blueprints/Player/DiversHelmet.uexp" 632
"C:/Projects/TeNamNI/TheDepths_LastSong/Content/FirstPerson/Input/Actions/IA_Interact.uasset" 633
"C:/Projects/TeNamNI/TheDepths_LastSong/Content/FirstPerson/Input/Actions/IA_Interact.uexp" 634
"C:/Projects/TeNamNI/TheDepths_LastSong/Content/FirstPerson/Input/Actions/IA_Sprint.uasset" 635
"C:/Projects/TeNamNI/TheDepths_LastSong/Content/FirstPerson/Input/Actions/IA_Sprint.uexp" 636
"C:/Projects/TeNamNI/TheDepths_LastSong/Content/FirstPerson/Input/Actions/IA_Jump.uasset" 637
"C:/Projects/TeNamNI/TheDepths_LastSong/Content/FirstPerson/Input/Actions/IA_Jump.uexp" 638
"C:/Projects/TeNamNI/TheDepths_LastSong/Content/FirstPerson/Input/IMC_Default.uasset" 639
"C:/Projects/TeNamNI/TheDepths_LastSong/Content/FirstPerson/Input/IMC_Default.uexp" 640
"C:/Projects/TeNamNI/TheDepths_LastSong/Content/Team_Blueprints/UI/WinScreen/Bird_Basic.uasset" 641
"C:/Projects/TeNamNI/TheDepths_LastSong/Content/Team_Blueprints/UI/WinScreen/Bird_Basic.uexp" 642
"C:/Projects/TeNamNI/TheDepths_LastSong/Content/Team_Blueprints/UI/WinScreen/Seagull_sounds_by_the_beach.ubulk" 643
"C:/Projects/TeNamNI/TheDepths_LastSong/Content/Team_Blueprints/UI/WinScreen/Seagull_sounds_by_the_beach.uasset" 644
"C:/Projects/TeNamNI/TheDepths_LastSong/Content/Team_Blueprints/UI/WinScreen/Seagull_sounds_by_the_beach.uexp" 645
"C:/Projects/TeNamNI/TheDepths_LastSong/Content/Team_Blueprints/UI/WinScreen/WinScreen_WB.uasset" 646
"C:/Projects/TeNamNI/TheDepths_LastSong/Content/Team_Blueprints/UI/WinScreen/WinScreen_WB.uexp" 647
"C:/Projects/TeNamNI/TheDepths_LastSong/Content/Team_Blueprints/Gamemode/GameConstants.uasset" 648
"C:/Projects/TeNamNI/TheDepths_LastSong/Content/Team_Blueprints/Gamemode/GameConstants.uexp" 649
"C:/Projects/TeNamNI/TheDepths_LastSong/Content/Team_Blueprints/Player/DialogueSystem.uasset" 650
"C:/Projects/TeNamNI/TheDepths_LastSong/Content/Team_Blueprints/Player/DialogueSystem.uexp" 651
"C:/Projects/TeNamNI/TheDepths_LastSong/Content/Team_Blueprints/UI/HUD/PlayerHUD.uasset" 652
"C:/Projects/TeNamNI/TheDepths_LastSong/Content/Team_Blueprints/UI/HUD/PlayerHUD.uexp" 653
"../../../Engine/Content/EditorBlueprintResources/StandardMacros.uasset" 654
"../../../Engine/Content/EditorBlueprintResources/StandardMacros.uexp" 655
"C:/Projects/TeNamNI/TheDepths_LastSong/Content/Team_Blueprints/Player/BP_PlayerDiver.uasset" 656
"C:/Projects/TeNamNI/TheDepths_LastSong/Content/Team_Blueprints/Player/BP_PlayerDiver.uexp" 657
"C:/Projects/TeNamNI/TheDepths_LastSong/Content/Team_Blueprints/Volumes/BP_KillVolume.uasset" 658
"C:/Projects/TeNamNI/TheDepths_LastSong/Content/Team_Blueprints/Volumes/BP_KillVolume.uexp" 659
"../../../Engine/Content/BasicShapes/Sphere.ubulk" 660
"../../../Engine/Content/BasicShapes/Sphere.uasset" 661
"../../../Engine/Content/BasicShapes/Sphere.uexp" 662
"../../../Engine/Content/BasicShapes/Cylinder.ubulk" 663
"../../../Engine/Content/BasicShapes/Cylinder.uasset" 664
"../../../Engine/Content/BasicShapes/Cylinder.uexp" 665
"C:/Projects/TeNamNI/TheDepths_LastSong/Content/FMOD/Events/Ship_Beacon.uasset" 666
"C:/Projects/TeNamNI/TheDepths_LastSong/Content/FMOD/Events/Ship_Beacon.uexp" 667
"C:/Projects/TeNamNI/TheDepths_LastSong/Content/Blender_Files/Diving_Bell/FBX/Diving_Bell1.uasset" 668
"C:/Projects/TeNamNI/TheDepths_LastSong/Content/Blender_Files/Diving_Bell/FBX/Diving_Bell1.uexp" 669
"C:/Projects/TeNamNI/TheDepths_LastSong/Content/Blender_Files/Diving_Bell/FBX/Diving_Bell.ubulk" 670
"C:/Projects/TeNamNI/TheDepths_LastSong/Content/Blender_Files/Diving_Bell/FBX/Diving_Bell.uasset" 671
"C:/Projects/TeNamNI/TheDepths_LastSong/Content/Blender_Files/Diving_Bell/FBX/Diving_Bell.uexp" 672
"C:/Projects/TeNamNI/TheDepths_LastSong/Content/StarterContent/Textures/T_Metal_Gold_N.ubulk" 673
"C:/Projects/TeNamNI/TheDepths_LastSong/Content/StarterContent/Textures/T_Metal_Gold_N.uasset" 674
"C:/Projects/TeNamNI/TheDepths_LastSong/Content/StarterContent/Textures/T_Metal_Gold_N.uexp" 675
"C:/Projects/TeNamNI/TheDepths_LastSong/Content/StarterContent/Textures/T_Metal_Copper_D.ubulk" 676
"C:/Projects/TeNamNI/TheDepths_LastSong/Content/StarterContent/Textures/T_Metal_Copper_D.uasset" 677
"C:/Projects/TeNamNI/TheDepths_LastSong/Content/StarterContent/Textures/T_Metal_Copper_D.uexp" 678
"C:/Projects/TeNamNI/TheDepths_LastSong/Content/StarterContent/Materials/M_Metal_Copper.uasset" 679
"C:/Projects/TeNamNI/TheDepths_LastSong/Content/StarterContent/Materials/M_Metal_Copper.uexp" 680
"C:/Projects/TeNamNI/TheDepths_LastSong/Content/Blender_Files/Diving_Bell/Texture/Diving_Bell_Texture.ubulk" 681
"C:/Projects/TeNamNI/TheDepths_LastSong/Content/Blender_Files/Diving_Bell/Texture/Diving_Bell_Texture.uasset" 682
"C:/Projects/TeNamNI/TheDepths_LastSong/Content/Blender_Files/Diving_Bell/Texture/Diving_Bell_Texture.uexp" 683
"C:/Projects/TeNamNI/TheDepths_LastSong/Content/Blender_Files/Diving_Bell/Texture/Diving_Bell_Texture_Mat.uasset" 684
"C:/Projects/TeNamNI/TheDepths_LastSong/Content/Blender_Files/Diving_Bell/Texture/Diving_Bell_Texture_Mat.uexp" 685
"C:/Projects/TeNamNI/TheDepths_LastSong/Content/Team_Blueprints/Escape/Interact_UI_Prompt.uasset" 686
"C:/Projects/TeNamNI/TheDepths_LastSong/Content/Team_Blueprints/Escape/Interact_UI_Prompt.uexp" 687
"C:/Projects/TeNamNI/TheDepths_LastSong/Content/LevelPrototyping/Materials/M_Solid_Emissive.uasset" 688
"C:/Projects/TeNamNI/TheDepths_LastSong/Content/LevelPrototyping/Materials/M_Solid_Emissive.uexp" 689
"C:/Projects/TeNamNI/TheDepths_LastSong/Content/LevelPrototyping/Materials/MI_Solid_RedEmissive.uasset" 690
"C:/Projects/TeNamNI/TheDepths_LastSong/Content/LevelPrototyping/Materials/MI_Solid_RedEmissive.uexp" 691
"C:/Projects/TeNamNI/TheDepths_LastSong/Content/Team_Blueprints/Escape/BP_DiversBell_Escape.uasset" 692
"C:/Projects/TeNamNI/TheDepths_LastSong/Content/Team_Blueprints/Escape/BP_DiversBell_Escape.uexp" 693
"../../../Engine/Content/Animation/DefaultAnimCurveCompressionSettings.uasset" 694
"../../../Engine/Content/Animation/DefaultAnimCurveCompressionSettings.uexp" 695
"C:/Projects/TeNamNI/TheDepths_LastSong/Content/Team_Blueprints/Enemy/Mesh/MonsterRig_Skeleton.uasset" 696
"C:/Projects/TeNamNI/TheDepths_LastSong/Content/Team_Blueprints/Enemy/Mesh/MonsterRig_Skeleton.uexp" 697
"../../../Engine/Content/Animation/DefaultRecorderBoneCompression.uasset" 698
"../../../Engine/Content/Animation/DefaultRecorderBoneCompression.uexp" 699
"C:/Projects/TeNamNI/TheDepths_LastSong/Content/Team_Blueprints/Enemy/Animation/Attack_Anim_1.uasset" 700
"C:/Projects/TeNamNI/TheDepths_LastSong/Content/Team_Blueprints/Enemy/Animation/Attack_Anim_1.uexp" 701
"../../../Engine/Content/Animation/DefaultAnimBoneCompressionSettings.uasset" 702
"../../../Engine/Content/Animation/DefaultAnimBoneCompressionSettings.uexp" 703
"C:/Projects/TeNamNI/TheDepths_LastSong/Content/Team_Blueprints/Enemy/MonsterAnimation001_Anim.uasset" 704
"C:/Projects/TeNamNI/TheDepths_LastSong/Content/Team_Blueprints/Enemy/MonsterAnimation001_Anim.uexp" 705
"C:/Projects/TeNamNI/TheDepths_LastSong/Content/Team_Blueprints/Enemy/Animation/New_Swim_2.uasset" 706
"C:/Projects/TeNamNI/TheDepths_LastSong/Content/Team_Blueprints/Enemy/Animation/New_Swim_2.uexp" 707
"C:/Projects/TeNamNI/TheDepths_LastSong/Content/Team_Blueprints/Enemy/Animation/BP_Monster_Anim.uasset" 708
"C:/Projects/TeNamNI/TheDepths_LastSong/Content/Team_Blueprints/Enemy/Animation/BP_Monster_Anim.uexp" 709
"C:/Projects/TeNamNI/TheDepths_LastSong/Content/FMOD/Events/Last_Song.uasset" 710
"C:/Projects/TeNamNI/TheDepths_LastSong/Content/FMOD/Events/Last_Song.uexp" 711
"C:/Projects/TeNamNI/TheDepths_LastSong/Content/Team_Blueprints/Enemy/Updated_Mesh_Textures_Anims/SeaMonsterRig_TextureFixed__blinn1_BaseColor.ubulk" 712
"C:/Projects/TeNamNI/TheDepths_LastSong/Content/Team_Blueprints/Enemy/Updated_Mesh_Textures_Anims/SeaMonsterRig_TextureFixed__blinn1_BaseColor.uasset" 713
"C:/Projects/TeNamNI/TheDepths_LastSong/Content/Team_Blueprints/Enemy/Updated_Mesh_Textures_Anims/SeaMonsterRig_TextureFixed__blinn1_BaseColor.uexp" 714
"C:/Projects/TeNamNI/TheDepths_LastSong/Content/Team_Blueprints/Enemy/Updated_Mesh_Textures_Anims/SeaMonsterRig_TextureFixed__blinn1_Emissive.ubulk" 715
"C:/Projects/TeNamNI/TheDepths_LastSong/Content/Team_Blueprints/Enemy/Updated_Mesh_Textures_Anims/SeaMonsterRig_TextureFixed__blinn1_Emissive.uasset" 716
"C:/Projects/TeNamNI/TheDepths_LastSong/Content/Team_Blueprints/Enemy/Updated_Mesh_Textures_Anims/SeaMonsterRig_TextureFixed__blinn1_Emissive.uexp" 717
"C:/Projects/TeNamNI/TheDepths_LastSong/Content/Team_Blueprints/Enemy/Updated_Mesh_Textures_Anims/SeaMonsterRig_TextureFixed__blinn1_Roughness.ubulk" 718
"C:/Projects/TeNamNI/TheDepths_LastSong/Content/Team_Blueprints/Enemy/Updated_Mesh_Textures_Anims/SeaMonsterRig_TextureFixed__blinn1_Roughness.uasset" 719
"C:/Projects/TeNamNI/TheDepths_LastSong/Content/Team_Blueprints/Enemy/Updated_Mesh_Textures_Anims/SeaMonsterRig_TextureFixed__blinn1_Roughness.uexp" 720
"C:/Projects/TeNamNI/TheDepths_LastSong/Content/Team_Blueprints/Enemy/Updated_Mesh_Textures_Anims/SeaMonsterRig_TextureFixed__blinn1_BaseColor_Mat.uasset" 721
"C:/Projects/TeNamNI/TheDepths_LastSong/Content/Team_Blueprints/Enemy/Updated_Mesh_Textures_Anims/SeaMonsterRig_TextureFixed__blinn1_BaseColor_Mat.uexp" 722
"C:/Projects/TeNamNI/TheDepths_LastSong/Content/Team_Blueprints/Enemy/Materials/M_Solid_Emissive_2.uasset" 723
"C:/Projects/TeNamNI/TheDepths_LastSong/Content/Team_Blueprints/Enemy/Materials/M_Solid_Emissive_2.uexp" 724
"C:/Projects/TeNamNI/TheDepths_LastSong/Content/Team_Blueprints/Enemy/Materials/MI_Solid_RedEmissive_2.uasset" 725
"C:/Projects/TeNamNI/TheDepths_LastSong/Content/Team_Blueprints/Enemy/Materials/MI_Solid_RedEmissive_2.uexp" 726
"C:/Projects/TeNamNI/TheDepths_LastSong/Content/Team_Blueprints/Enemy/AI/BTTask_ChasePlayer.uasset" 727
"C:/Projects/TeNamNI/TheDepths_LastSong/Content/Team_Blueprints/Enemy/AI/BTTask_ChasePlayer.uexp" 728
"C:/Projects/TeNamNI/TheDepths_LastSong/Content/Team_Blueprints/Enemy/AI/Tasks/BTTask_RoamAround.uasset" 729
"C:/Projects/TeNamNI/TheDepths_LastSong/Content/Team_Blueprints/Enemy/AI/Tasks/BTTask_RoamAround.uexp" 730
"C:/Projects/TeNamNI/TheDepths_LastSong/Content/Team_Blueprints/Enemy/AI/BPD_EnemyMovement.uasset" 731
"C:/Projects/TeNamNI/TheDepths_LastSong/Content/Team_Blueprints/Enemy/AI/BPD_EnemyMovement.uexp" 732
"C:/Projects/TeNamNI/TheDepths_LastSong/Content/Team_Blueprints/Enemy/AI/BT_EnemyMovement.uasset" 733
"C:/Projects/TeNamNI/TheDepths_LastSong/Content/Team_Blueprints/Enemy/AI/BT_EnemyMovement.uexp" 734
"C:/Projects/TeNamNI/TheDepths_LastSong/Content/Team_Blueprints/Enemy/AI/AI_EnemyController.uasset" 735
"C:/Projects/TeNamNI/TheDepths_LastSong/Content/Team_Blueprints/Enemy/AI/AI_EnemyController.uexp" 736
"C:/Projects/TeNamNI/TheDepths_LastSong/Content/Team_Blueprints/Enemy/Updated_Mesh_Textures_Anims/SeaMonsterRig_TextureFixed__PhysicsAsset.uasset" 737
"C:/Projects/TeNamNI/TheDepths_LastSong/Content/Team_Blueprints/Enemy/Updated_Mesh_Textures_Anims/SeaMonsterRig_TextureFixed__PhysicsAsset.uexp" 738
"C:/Projects/TeNamNI/TheDepths_LastSong/Content/Team_Blueprints/Enemy/Updated_Mesh_Textures_Anims/SeaMonsterRig_TextureFixed__Skeleton.uasset" 739
"C:/Projects/TeNamNI/TheDepths_LastSong/Content/Team_Blueprints/Enemy/Updated_Mesh_Textures_Anims/SeaMonsterRig_TextureFixed__Skeleton.uexp" 740
"C:/Projects/TeNamNI/TheDepths_LastSong/Content/Team_Blueprints/Enemy/Updated_Mesh_Textures_Anims/blinn1.uasset" 741
"C:/Projects/TeNamNI/TheDepths_LastSong/Content/Team_Blueprints/Enemy/Updated_Mesh_Textures_Anims/blinn1.uexp" 742
"C:/Projects/TeNamNI/TheDepths_LastSong/Content/Team_Blueprints/Enemy/Updated_Mesh_Textures_Anims/SeaMonsterRig_TextureFixed_.uasset" 743
"C:/Projects/TeNamNI/TheDepths_LastSong/Content/Team_Blueprints/Enemy/Updated_Mesh_Textures_Anims/SeaMonsterRig_TextureFixed_.uexp" 744
"C:/Projects/TeNamNI/TheDepths_LastSong/Content/Team_Blueprints/Enemy/BP_Enemy.uasset" 745
"C:/Projects/TeNamNI/TheDepths_LastSong/Content/Team_Blueprints/Enemy/BP_Enemy.uexp" 746
"../../../Engine/Content/Functions/Engine_MaterialFunctions02/Utility/BlendAngleCorrectedNormals.uasset" 747
"../../../Engine/Content/Functions/Engine_MaterialFunctions02/Utility/BlendAngleCorrectedNormals.uexp" 748
"C:/Projects/TeNamNI/TheDepths_LastSong/Content/StarterContent/Textures/T_Water_N.ubulk" 749
"C:/Projects/TeNamNI/TheDepths_LastSong/Content/StarterContent/Textures/T_Water_N.uasset" 750
"C:/Projects/TeNamNI/TheDepths_LastSong/Content/StarterContent/Textures/T_Water_N.uexp" 751
"C:/Projects/TeNamNI/TheDepths_LastSong/Content/StarterContent/Textures/T_Water_M.ubulk" 752
"C:/Projects/TeNamNI/TheDepths_LastSong/Content/StarterContent/Textures/T_Water_M.uasset" 753
"C:/Projects/TeNamNI/TheDepths_LastSong/Content/StarterContent/Textures/T_Water_M.uexp" 754
"C:/Projects/TeNamNI/TheDepths_LastSong/Content/StarterContent/Textures/T_Perlin_Noise_M.ubulk" 755
"C:/Projects/TeNamNI/TheDepths_LastSong/Content/StarterContent/Textures/T_Perlin_Noise_M.uasset" 756
"C:/Projects/TeNamNI/TheDepths_LastSong/Content/StarterContent/Textures/T_Perlin_Noise_M.uexp" 757
"C:/Projects/TeNamNI/TheDepths_LastSong/Content/StarterContent/Materials/M_Water_OceanDark.uasset" 758
"C:/Projects/TeNamNI/TheDepths_LastSong/Content/StarterContent/Materials/M_Water_OceanDark.uexp" 759
"C:/Projects/TeNamNI/TheDepths_LastSong/Content/StarterContent/Textures/T_Rock_Basalt_D.ubulk" 760
"C:/Projects/TeNamNI/TheDepths_LastSong/Content/StarterContent/Textures/T_Rock_Basalt_D.uasset" 761
"C:/Projects/TeNamNI/TheDepths_LastSong/Content/StarterContent/Textures/T_Rock_Basalt_D.uexp" 762
"C:/Projects/TeNamNI/TheDepths_LastSong/Content/StarterContent/Textures/T_Rock_Basalt_N.ubulk" 763
"C:/Projects/TeNamNI/TheDepths_LastSong/Content/StarterContent/Textures/T_Rock_Basalt_N.uasset" 764
"C:/Projects/TeNamNI/TheDepths_LastSong/Content/StarterContent/Textures/T_Rock_Basalt_N.uexp" 765
"C:/Projects/TeNamNI/TheDepths_LastSong/Content/StarterContent/Materials/M_Rock_Basalt.uasset" 766
"C:/Projects/TeNamNI/TheDepths_LastSong/Content/StarterContent/Materials/M_Rock_Basalt.uexp" 767
"C:/Projects/TeNamNI/TheDepths_LastSong/Content/FMOD/PrivateIntegrationData/BankLookup.uasset" 768
"C:/Projects/TeNamNI/TheDepths_LastSong/Content/FMOD/PrivateIntegrationData/BankLookup.uexp" 769
"C:/Projects/TeNamNI/TheDepths_LastSong/Content/FMOD/PrivateIntegrationData/AssetLookup.uasset" 770
"C:/Projects/TeNamNI/TheDepths_LastSong/Content/FMOD/PrivateIntegrationData/AssetLookup.uexp" 771
"C:/Projects/TeNamNI/TheDepths_LastSong/Content/FMOD/Buses/Reverb.uasset" 772
"C:/Projects/TeNamNI/TheDepths_LastSong/Content/FMOD/Buses/Reverb.uexp" 773
"C:/Projects/TeNamNI/TheDepths_LastSong/Content/FMOD/Buses/Monster_and_Ship.uasset" 774
"C:/Projects/TeNamNI/TheDepths_LastSong/Content/FMOD/Buses/Monster_and_Ship.uexp" 775
"C:/Projects/TeNamNI/TheDepths_LastSong/Content/FMOD/Buses/Menu.uasset" 776
"C:/Projects/TeNamNI/TheDepths_LastSong/Content/FMOD/Buses/Menu.uexp" 777
"C:/Projects/TeNamNI/TheDepths_LastSong/Content/FMOD/Banks/Menu.uasset" 778
"C:/Projects/TeNamNI/TheDepths_LastSong/Content/FMOD/Banks/Menu.uexp" 779
"C:/Projects/TeNamNI/TheDepths_LastSong/Content/FMOD/Banks/Master.uasset" 780
"C:/Projects/TeNamNI/TheDepths_LastSong/Content/FMOD/Banks/Master.uexp" 781
"C:/Projects/TeNamNI/TheDepths_LastSong/Content/Blender_Files/Ocean_Plant_Thing/Texture/Yellow_Plant_1_Texture.ubulk" 782
"C:/Projects/TeNamNI/TheDepths_LastSong/Content/Blender_Files/Ocean_Plant_Thing/Texture/Yellow_Plant_1_Texture.uasset" 783
"C:/Projects/TeNamNI/TheDepths_LastSong/Content/Blender_Files/Ocean_Plant_Thing/Texture/Yellow_Plant_1_Texture.uexp" 784
"C:/Projects/TeNamNI/TheDepths_LastSong/Content/Blender_Files/Ocean_Plant_Thing/Yellow_Plant_1_Texture_Mat.uasset" 785
"C:/Projects/TeNamNI/TheDepths_LastSong/Content/Blender_Files/Ocean_Plant_Thing/Yellow_Plant_1_Texture_Mat.uexp" 786
"C:/Projects/TeNamNI/TheDepths_LastSong/Content/Blender_Files/Ocean_Plant_Thing/Texture/Red_Plant_1_Texture.ubulk" 787
"C:/Projects/TeNamNI/TheDepths_LastSong/Content/Blender_Files/Ocean_Plant_Thing/Texture/Red_Plant_1_Texture.uasset" 788
"C:/Projects/TeNamNI/TheDepths_LastSong/Content/Blender_Files/Ocean_Plant_Thing/Texture/Red_Plant_1_Texture.uexp" 789
"C:/Projects/TeNamNI/TheDepths_LastSong/Content/Blender_Files/Ocean_Plant_Thing/Red_Plant_1_Texture_Mat.uasset" 790
"C:/Projects/TeNamNI/TheDepths_LastSong/Content/Blender_Files/Ocean_Plant_Thing/Red_Plant_1_Texture_Mat.uexp" 791
"C:/Projects/TeNamNI/TheDepths_LastSong/Content/Blender_Files/Ocean_Plant_Thing/Blue_Plant_1_Texture.ubulk" 792
"C:/Projects/TeNamNI/TheDepths_LastSong/Content/Blender_Files/Ocean_Plant_Thing/Blue_Plant_1_Texture.uasset" 793
"C:/Projects/TeNamNI/TheDepths_LastSong/Content/Blender_Files/Ocean_Plant_Thing/Blue_Plant_1_Texture.uexp" 794
"C:/Projects/TeNamNI/TheDepths_LastSong/Content/Blender_Files/Ocean_Plant_Thing/Material.uasset" 795
"C:/Projects/TeNamNI/TheDepths_LastSong/Content/Blender_Files/Ocean_Plant_Thing/Material.uexp" 796
"C:/Projects/TeNamNI/TheDepths_LastSong/Content/Blender_Files/Ocean_Plant_Thing/Plant_1.ubulk" 797
"C:/Projects/TeNamNI/TheDepths_LastSong/Content/Blender_Files/Ocean_Plant_Thing/Plant_1.uasset" 798
"C:/Projects/TeNamNI/TheDepths_LastSong/Content/Blender_Files/Ocean_Plant_Thing/Plant_1.uexp" 799
"../../../Engine/Content/MobileResources/HUD/VirtualJoystick_Background.uasset" 800
"../../../Engine/Content/MobileResources/HUD/VirtualJoystick_Background.uexp" 801
"../../../Engine/Content/MobileResources/HUD/VirtualJoystick_Thumb.uasset" 802
"../../../Engine/Content/MobileResources/HUD/VirtualJoystick_Thumb.uexp" 803
"../../../Engine/Content/MobileResources/HUD/DefaultVirtualJoysticks.uasset" 804
"../../../Engine/Content/MobileResources/HUD/DefaultVirtualJoysticks.uexp" 805
"../../../Engine/Content/EngineSky/VolumetricClouds/CloudWeatherTexture.uasset" 806
"../../../Engine/Content/EngineSky/VolumetricClouds/CloudWeatherTexture.uexp" 807
"../../../Engine/Content/Functions/Engine_MaterialFunctions02/Utility/MakeFloat2.uasset" 808
"../../../Engine/Content/Functions/Engine_MaterialFunctions02/Utility/MakeFloat2.uexp" 809
"../../../Engine/Content/EngineSky/VolumetricClouds/CloudGradientTexture.uasset" 810
"../../../Engine/Content/EngineSky/VolumetricClouds/CloudGradientTexture.uexp" 811
"../../../Engine/Content/EngineSky/VolumetricClouds/T_NoiseShape64.ubulk" 812
"../../../Engine/Content/EngineSky/VolumetricClouds/T_NoiseShape64.uasset" 813
"../../../Engine/Content/EngineSky/VolumetricClouds/T_NoiseShape64.uexp" 814
"../../../Engine/Content/EngineSky/VolumetricClouds/T_VolumeNoiseShape64.uasset" 815
"../../../Engine/Content/EngineSky/VolumetricClouds/T_VolumeNoiseShape64.uexp" 816
"../../../Engine/Content/EngineSky/VolumetricClouds/T_NoiseErosion.ubulk" 817
"../../../Engine/Content/EngineSky/VolumetricClouds/T_NoiseErosion.uasset" 818
"../../../Engine/Content/EngineSky/VolumetricClouds/T_NoiseErosion.uexp" 819
"../../../Engine/Content/EngineSky/VolumetricClouds/T_VolumeNoiseErosion32.uasset" 820
"../../../Engine/Content/EngineSky/VolumetricClouds/T_VolumeNoiseErosion32.uexp" 821
"../../../Engine/Content/EngineSky/VolumetricClouds/m_SimpleVolumetricCloud.uasset" 822
"../../../Engine/Content/EngineSky/VolumetricClouds/m_SimpleVolumetricCloud.uexp" 823
"../../../Engine/Content/EngineSky/VolumetricClouds/m_SimpleVolumetricCloud_Inst.uasset" 824
"../../../Engine/Content/EngineSky/VolumetricClouds/m_SimpleVolumetricCloud_Inst.uexp" 825
"../../../Engine/Content/EngineResources/FilmGrains/Marcie_Grain_v3_128_M2_000.uasset" 826
"../../../Engine/Content/EngineResources/FilmGrains/Marcie_Grain_v3_128_M2_000.uexp" 827
"../../../Engine/Content/Functions/Engine_MaterialFunctions02/Utility/CameraDirectionVector.uasset" 828
"../../../Engine/Content/Functions/Engine_MaterialFunctions02/Utility/CameraDirectionVector.uexp" 829
"../../../Engine/Content/EngineDebugMaterials/VolumeToRender.uasset" 830
"../../../Engine/Content/EngineDebugMaterials/VolumeToRender.uexp" 831
"../../../Engine/Content/EngineDebugMaterials/M_VolumeRenderSphereTracePP.uasset" 832
"../../../Engine/Content/EngineDebugMaterials/M_VolumeRenderSphereTracePP.uexp" 833
"../../../Engine/Content/EngineDebugMaterials/M_SimpleUnlitTranslucent.uasset" 834
"../../../Engine/Content/EngineDebugMaterials/M_SimpleUnlitTranslucent.uexp" 835
"../../../Engine/Content/EngineDebugMaterials/DebugMeshMaterial.uasset" 836
"../../../Engine/Content/EngineDebugMaterials/DebugMeshMaterial.uexp" 837
"../../../Engine/Content/EngineDebugMaterials/DebugEditorMaterial.uasset" 838
"../../../Engine/Content/EngineDebugMaterials/DebugEditorMaterial.uexp" 839
"../../../Engine/Content/EngineDamageTypes/DmgTypeBP_Environmental.uasset" 840
"../../../Engine/Content/EngineDamageTypes/DmgTypeBP_Environmental.uexp" 841
"../../../Engine/Content/EditorResources/S_Terrain.ubulk" 842
"../../../Engine/Content/EditorResources/S_Terrain.uasset" 843
"../../../Engine/Content/EditorResources/S_Terrain.uexp" 844
"../../../Engine/Content/EditorResources/EmptyActor.uasset" 845
"../../../Engine/Content/EditorResources/EmptyActor.uexp" 846
"../../../Engine/Content/EditorResources/BSPVertex.uasset" 847
"../../../Engine/Content/EditorResources/BSPVertex.uexp" 848
"../../../Engine/Content/EditorResources/SequenceRecorder/RecordingIndicator.uasset" 849
"../../../Engine/Content/EditorResources/SequenceRecorder/RecordingIndicator.uexp" 850
"../../../Engine/Content/EditorResources/SequenceRecorder/Countdown.uasset" 851
"../../../Engine/Content/EditorResources/SequenceRecorder/Countdown.uexp" 852
"../../../Engine/Content/EditorResources/LightIcons/S_LightError.uasset" 853
"../../../Engine/Content/EditorResources/LightIcons/S_LightError.uexp" 854
"../../../Engine/Content/EditorResources/AudioIcons/S_AudioComponent_AutoActivate.uasset" 855
"../../../Engine/Content/EditorResources/AudioIcons/S_AudioComponent_AutoActivate.uexp" 856
"../../../Engine/Content/EditorMaterials/PreviewShadowIndicator.ubulk" 857
"../../../Engine/Content/EditorMaterials/PreviewShadowIndicator.uasset" 858
"../../../Engine/Content/EditorMaterials/PreviewShadowIndicator.uexp" 859
"../../../Engine/Content/EditorMaterials/PreviewShadowIndicatorMaterial.uasset" 860
"../../../Engine/Content/EditorMaterials/PreviewShadowIndicatorMaterial.uexp" 861
"../../../Engine/Content/EditorMaterials/PhAT_UnselectedMaterial.uasset" 862
"../../../Engine/Content/EditorMaterials/PhAT_UnselectedMaterial.uexp" 863
"../../../Engine/Content/EditorMaterials/PhAT_NoCollisionMaterial.uasset" 864
"../../../Engine/Content/EditorMaterials/PhAT_NoCollisionMaterial.uexp" 865
"../../../Engine/Content/EditorLandscapeResources/DefaultAlphaTexture.uasset" 866
"../../../Engine/Content/EditorLandscapeResources/DefaultAlphaTexture.uexp" 867
"../../../Engine/Content/EditorLandscapeResources/DataLayer.uasset" 868
"../../../Engine/Content/EditorLandscapeResources/DataLayer.uexp" 869
"../../../Engine/Content/Maps/Templates/HLODs/HLODLayer_Merged.uasset" 870
"../../../Engine/Content/Maps/Templates/HLODs/HLODLayer_Merged.uexp" 871
"C:/Projects/TeNamNI/TheDepths_LastSong/Content/Blender_Files/Wooden_Planks/FBX/Wooden_Planks1.uasset" 872
"C:/Projects/TeNamNI/TheDepths_LastSong/Content/Blender_Files/Wooden_Planks/FBX/Wooden_Planks1.uexp" 873
"C:/Projects/TeNamNI/TheDepths_LastSong/Content/Blender_Files/Wooden_Planks/FBX/Wooden_Planks.ubulk" 874
"C:/Projects/TeNamNI/TheDepths_LastSong/Content/Blender_Files/Wooden_Planks/FBX/Wooden_Planks.uasset" 875
"C:/Projects/TeNamNI/TheDepths_LastSong/Content/Blender_Files/Wooden_Planks/FBX/Wooden_Planks.uexp" 876
"C:/Projects/TeNamNI/TheDepths_LastSong/Content/Blender_Files/Sub/Texture/Rust_Test_V4_-_128_-_Texture.ubulk" 877
"C:/Projects/TeNamNI/TheDepths_LastSong/Content/Blender_Files/Sub/Texture/Rust_Test_V4_-_128_-_Texture.uasset" 878
"C:/Projects/TeNamNI/TheDepths_LastSong/Content/Blender_Files/Sub/Texture/Rust_Test_V4_-_128_-_Texture.uexp" 879
"C:/Projects/TeNamNI/TheDepths_LastSong/Content/Blender_Files/Sub/Texture/Rust_Test_V4_-_128_-_Texture_Mat.uasset" 880
"C:/Projects/TeNamNI/TheDepths_LastSong/Content/Blender_Files/Sub/Texture/Rust_Test_V4_-_128_-_Texture_Mat.uexp" 881
"C:/Projects/TeNamNI/TheDepths_LastSong/Content/Blender_Files/Sub/FBX/Sub.uasset" 882
"C:/Projects/TeNamNI/TheDepths_LastSong/Content/Blender_Files/Sub/FBX/Sub.uexp" 883
"C:/Projects/TeNamNI/TheDepths_LastSong/Content/Blender_Files/Sub/FBX/Sub_V1.ubulk" 884
"C:/Projects/TeNamNI/TheDepths_LastSong/Content/Blender_Files/Sub/FBX/Sub_V1.uasset" 885
"C:/Projects/TeNamNI/TheDepths_LastSong/Content/Blender_Files/Sub/FBX/Sub_V1.uexp" 886
"C:/Projects/TeNamNI/TheDepths_LastSong/Content/Blender_Files/Rocks/Texture/Rock_Set_1_Texture.ubulk" 887
"C:/Projects/TeNamNI/TheDepths_LastSong/Content/Blender_Files/Rocks/Texture/Rock_Set_1_Texture.uasset" 888
"C:/Projects/TeNamNI/TheDepths_LastSong/Content/Blender_Files/Rocks/Texture/Rock_Set_1_Texture.uexp" 889
"C:/Projects/TeNamNI/TheDepths_LastSong/Content/Blender_Files/Rocks/Texture/Rock_Set_1_Texture_Mat_2.uasset" 890
"C:/Projects/TeNamNI/TheDepths_LastSong/Content/Blender_Files/Rocks/Texture/Rock_Set_1_Texture_Mat_2.uexp" 891
"C:/Projects/TeNamNI/TheDepths_LastSong/Content/Blender_Files/Rocks/Texture/Rock_Set_1_Texture_Mat.uasset" 892
"C:/Projects/TeNamNI/TheDepths_LastSong/Content/Blender_Files/Rocks/Texture/Rock_Set_1_Texture_Mat.uexp" 893
"C:/Projects/TeNamNI/TheDepths_LastSong/Content/Blender_Files/Rocks/FBX/Rock_Set_1.ubulk" 894
"C:/Projects/TeNamNI/TheDepths_LastSong/Content/Blender_Files/Rocks/FBX/Rock_Set_1.uasset" 895
"C:/Projects/TeNamNI/TheDepths_LastSong/Content/Blender_Files/Rocks/FBX/Rock_Set_1.uexp" 896
"C:/Projects/TeNamNI/TheDepths_LastSong/Content/Blender_Files/Metal_Scraps/Texture/Metal_Scrap_-_Texture.ubulk" 897
"C:/Projects/TeNamNI/TheDepths_LastSong/Content/Blender_Files/Metal_Scraps/Texture/Metal_Scrap_-_Texture.uasset" 898
"C:/Projects/TeNamNI/TheDepths_LastSong/Content/Blender_Files/Metal_Scraps/Texture/Metal_Scrap_-_Texture.uexp" 899
"C:/Projects/TeNamNI/TheDepths_LastSong/Content/Blender_Files/Metal_Scraps/Texture/Metal_Scrap_-_Texture_Mat.uasset" 900
"C:/Projects/TeNamNI/TheDepths_LastSong/Content/Blender_Files/Metal_Scraps/Texture/Metal_Scrap_-_Texture_Mat.uexp" 901
"C:/Projects/TeNamNI/TheDepths_LastSong/Content/Blender_Files/Metal_Scraps/FBX/Metal_Scraps.ubulk" 902
"C:/Projects/TeNamNI/TheDepths_LastSong/Content/Blender_Files/Metal_Scraps/FBX/Metal_Scraps.uasset" 903
"C:/Projects/TeNamNI/TheDepths_LastSong/Content/Blender_Files/Metal_Scraps/FBX/Metal_Scraps.uexp" 904
"C:/Projects/TeNamNI/TheDepths_LastSong/Content/Blender_Files/Galleon/Texture/Wood_Test_v3_Texture.ubulk" 905
"C:/Projects/TeNamNI/TheDepths_LastSong/Content/Blender_Files/Galleon/Texture/Wood_Test_v3_Texture.uasset" 906
"C:/Projects/TeNamNI/TheDepths_LastSong/Content/Blender_Files/Galleon/Texture/Wood_Test_v3_Texture.uexp" 907
"C:/Projects/TeNamNI/TheDepths_LastSong/Content/Blender_Files/Galleon/Texture/Wood_Test_v3_Texture_Mat.uasset" 908
"C:/Projects/TeNamNI/TheDepths_LastSong/Content/Blender_Files/Galleon/Texture/Wood_Test_v3_Texture_Mat.uexp" 909
"C:/Projects/TeNamNI/TheDepths_LastSong/Content/Blender_Files/Galleon/FBX/Ship_Wood_V1.uasset" 910
"C:/Projects/TeNamNI/TheDepths_LastSong/Content/Blender_Files/Galleon/FBX/Ship_Wood_V1.uexp" 911
"C:/Projects/TeNamNI/TheDepths_LastSong/Content/Blender_Files/Galleon/FBX/Galleon_Ship_Rear.ubulk" 912
"C:/Projects/TeNamNI/TheDepths_LastSong/Content/Blender_Files/Galleon/FBX/Galleon_Ship_Rear.uasset" 913
"C:/Projects/TeNamNI/TheDepths_LastSong/Content/Blender_Files/Galleon/FBX/Galleon_Ship_Rear.uexp" 914
"C:/Projects/TeNamNI/TheDepths_LastSong/Content/Blender_Files/Galleon/FBX/Galleon_Ship_Front.ubulk" 915
"C:/Projects/TeNamNI/TheDepths_LastSong/Content/Blender_Files/Galleon/FBX/Galleon_Ship_Front.uasset" 916
"C:/Projects/TeNamNI/TheDepths_LastSong/Content/Blender_Files/Galleon/FBX/Galleon_Ship_Front.uexp" 917
"../../../Engine/Content/Functions/Engine_MaterialFunctions01/Shading/PowerToRoughness.uasset" 918
"../../../Engine/Content/Functions/Engine_MaterialFunctions01/Shading/PowerToRoughness.uexp" 919
"../../../Engine/Content/Functions/Engine_MaterialFunctions01/Shading/ConvertFromDiffSpec.uasset" 920
"../../../Engine/Content/Functions/Engine_MaterialFunctions01/Shading/ConvertFromDiffSpec.uexp" 921
"../../../Engine/Content/Maps/Templates/HLODs/HLODLayer_Instanced.uasset" 922
"../../../Engine/Content/Maps/Templates/HLODs/HLODLayer_Instanced.uexp" 923
"C:/Projects/TeNamNI/TheDepths_LastSong/Content/Team_Blueprints/Gamemode/TheDepthsGameMode.uasset" 924
"C:/Projects/TeNamNI/TheDepths_LastSong/Content/Team_Blueprints/Gamemode/TheDepthsGameMode.uexp" 925
"C:/Projects/TeNamNI/TheDepths_LastSong/Content/Map/TheDepthsMap.uexp" 926
"C:/Projects/TeNamNI/TheDepths_LastSong/Content/Map/TheDepthsMap.umap" 927
"C:/Projects/TeNamNI/TheDepths_LastSong/Content/FMOD/Events/Menu_Music.uasset" 928
"C:/Projects/TeNamNI/TheDepths_LastSong/Content/FMOD/Events/Menu_Music.uexp" 929
"C:/Projects/TeNamNI/TheDepths_LastSong/Content/Map/MainMenu_GM.uasset" 930
"C:/Projects/TeNamNI/TheDepths_LastSong/Content/Map/MainMenu_GM.uexp" 931
"C:/Projects/TeNamNI/TheDepths_LastSong/Content/Map/MainMenu_BuiltData.uasset" 932
"C:/Projects/TeNamNI/TheDepths_LastSong/Content/Map/MainMenu_BuiltData.uexp" 933
"C:/Projects/TeNamNI/TheDepths_LastSong/Content/Team_Blueprints/UI/Start_Screen/Quote_W.uasset" 934
"C:/Projects/TeNamNI/TheDepths_LastSong/Content/Team_Blueprints/UI/Start_Screen/Quote_W.uexp" 935
"C:/Projects/TeNamNI/TheDepths_LastSong/Content/Team_Blueprints/UI/Start_Screen/Start_Screen.uasset" 936
"C:/Projects/TeNamNI/TheDepths_LastSong/Content/Team_Blueprints/UI/Start_Screen/Start_Screen.uexp" 937
"C:/Projects/TeNamNI/TheDepths_LastSong/Content/Map/MainMenu.uexp" 938
"C:/Projects/TeNamNI/TheDepths_LastSong/Content/Map/MainMenu.umap" 939
"../../../Engine/Content/Maps/Entry_BuiltData.uasset" 940
"../../../Engine/Content/Maps/Entry_BuiltData.uexp" 941
"../../../Engine/Content/Maps/Entry.uexp" 942
"../../../Engine/Content/Maps/Entry.umap" 943
